{"C:\\Users\\zihao\\Desktop\\ff-brand-studio\\apps\\mcp-server\\src\\adapters\\index.ts": {"path":"C:\\Users\\zihao\\Desktop\\ff-brand-studio\\apps\\mcp-server\\src\\adapters\\index.ts","statementMap":{"0":{"start":{"line":46,"column":2},"end":{"line":46,"column":null}},"1":{"start":{"line":46,"column":24},"end":{"line":46,"column":null}},"2":{"start":{"line":47,"column":16},"end":{"line":47,"column":48}},"3":{"start":{"line":48,"column":2},"end":{"line":48,"column":null}},"4":{"start":{"line":60,"column":2},"end":{"line":61,"column":null}},"5":{"start":{"line":61,"column":4},"end":{"line":61,"column":null}},"6":{"start":{"line":63,"column":22},"end":{"line":63,"column":76}},"7":{"start":{"line":64,"column":23},"end":{"line":64,"column":79}},"8":{"start":{"line":65,"column":2},"end":{"line":65,"column":null}},"9":{"start":{"line":69,"column":2},"end":{"line":69,"column":null}},"10":{"start":{"line":69,"column":24},"end":{"line":69,"column":null}},"11":{"start":{"line":70,"column":2},"end":{"line":70,"column":null}},"12":{"start":{"line":74,"column":67},"end":{"line":74,"column":null}},"13":{"start":{"line":76,"column":18},"end":{"line":80,"column":13}},"14":{"start":{"line":82,"column":2},"end":{"line":86,"column":null}},"15":{"start":{"line":83,"column":4},"end":{"line":86,"column":null}},"16":{"start":{"line":88,"column":15},"end":{"line":88,"column":null}},"17":{"start":{"line":90,"column":17},"end":{"line":90,"column":49}},"18":{"start":{"line":91,"column":28},"end":{"line":91,"column":61}},"19":{"start":{"line":92,"column":19},"end":{"line":92,"column":56}},"20":{"start":{"line":95,"column":31},"end":{"line":95,"column":33}},"21":{"start":{"line":97,"column":2},"end":{"line":98,"column":null}},"22":{"start":{"line":98,"column":4},"end":{"line":98,"column":null}},"23":{"start":{"line":100,"column":2},"end":{"line":101,"column":null}},"24":{"start":{"line":101,"column":4},"end":{"line":101,"column":null}},"25":{"start":{"line":103,"column":2},"end":{"line":110,"column":null}},"26":{"start":{"line":108,"column":4},"end":{"line":110,"column":null}},"27":{"start":{"line":114,"column":2},"end":{"line":117,"column":null}},"28":{"start":{"line":115,"column":4},"end":{"line":117,"column":null}},"29":{"start":{"line":119,"column":2},"end":{"line":122,"column":null}},"30":{"start":{"line":120,"column":4},"end":{"line":122,"column":null}},"31":{"start":{"line":126,"column":2},"end":{"line":134,"column":null}},"32":{"start":{"line":127,"column":14},"end":{"line":127,"column":59}},"33":{"start":{"line":128,"column":4},"end":{"line":134,"column":null}},"34":{"start":{"line":129,"column":27},"end":{"line":129,"column":62}},"35":{"start":{"line":130,"column":27},"end":{"line":130,"column":null}},"36":{"start":{"line":131,"column":6},"end":{"line":134,"column":null}},"37":{"start":{"line":132,"column":8},"end":{"line":134,"column":null}},"38":{"start":{"line":140,"column":4},"end":{"line":142,"column":null}},"39":{"start":{"line":148,"column":2},"end":{"line":156,"column":null}},"40":{"start":{"line":162,"column":21},"end":{"line":171,"column":null}},"41":{"start":{"line":173,"column":19},"end":{"line":197,"column":16}},"42":{"start":{"line":199,"column":2},"end":{"line":210,"column":null}},"43":{"start":{"line":220,"column":2},"end":{"line":220,"column":null}},"44":{"start":{"line":220,"column":24},"end":{"line":220,"column":null}},"45":{"start":{"line":221,"column":2},"end":{"line":222,"column":null}},"46":{"start":{"line":222,"column":4},"end":{"line":222,"column":null}},"47":{"start":{"line":224,"column":2},"end":{"line":224,"column":null}}},"fnMap":{"0":{"name":"pickFormat","decl":{"start":{"line":45,"column":9},"end":{"line":45,"column":20}},"loc":{"start":{"line":45,"column":86},"end":{"line":48,"column":null}},"line":45},"1":{"name":"deriveDimensions","decl":{"start":{"line":51,"column":9},"end":{"line":51,"column":null}},"loc":{"start":{"line":59,"column":37},"end":{"line":65,"column":null}},"line":59},"2":{"name":"approxFileSize","decl":{"start":{"line":68,"column":9},"end":{"line":68,"column":24}},"loc":{"start":{"line":68,"column":79},"end":{"line":70,"column":null}},"line":68},"3":{"name":"runAdapter","decl":{"start":{"line":73,"column":22},"end":{"line":73,"column":33}},"loc":{"start":{"line":73,"column":78},"end":{"line":210,"column":null}},"line":73},"4":{"name":"pickCanonicalForSlot","decl":{"start":{"line":216,"column":16},"end":{"line":216,"column":null}},"loc":{"start":{"line":219,"column":25},"end":{"line":224,"column":null}},"line":219}},"branchMap":{"0":{"loc":{"start":{"line":46,"column":2},"end":{"line":46,"column":null}},"type":"if","locations":[{"start":{"line":46,"column":2},"end":{"line":46,"column":null}},{"start":{},"end":{}}],"line":46},"1":{"loc":{"start":{"line":47,"column":16},"end":{"line":47,"column":48}},"type":"binary-expr","locations":[{"start":{"line":47,"column":16},"end":{"line":47,"column":40}},{"start":{"line":47,"column":40},"end":{"line":47,"column":48}}],"line":47},"2":{"loc":{"start":{"line":48,"column":9},"end":{"line":48,"column":null}},"type":"cond-expr","locations":[{"start":{"line":48,"column":34},"end":{"line":48,"column":43}},{"start":{"line":48,"column":43},"end":{"line":48,"column":null}}],"line":48},"3":{"loc":{"start":{"line":60,"column":2},"end":{"line":61,"column":null}},"type":"if","locations":[{"start":{"line":60,"column":2},"end":{"line":61,"column":null}},{"start":{},"end":{}}],"line":60},"4":{"loc":{"start":{"line":60,"column":6},"end":{"line":60,"column":73}},"type":"binary-expr","locations":[{"start":{"line":60,"column":6},"end":{"line":60,"column":23}},{"start":{"line":60,"column":23},"end":{"line":60,"column":40}},{"start":{"line":60,"column":40},"end":{"line":60,"column":73}}],"line":60},"5":{"loc":{"start":{"line":61,"column":43},"end":{"line":61,"column":94}},"type":"binary-expr","locations":[{"start":{"line":61,"column":43},"end":{"line":61,"column":61}},{"start":{"line":61,"column":61},"end":{"line":61,"column":79}},{"start":{"line":61,"column":79},"end":{"line":61,"column":94}}],"line":61},"6":{"loc":{"start":{"line":63,"column":22},"end":{"line":63,"column":76}},"type":"binary-expr","locations":[{"start":{"line":63,"column":22},"end":{"line":63,"column":39}},{"start":{"line":63,"column":39},"end":{"line":63,"column":76}}],"line":63},"7":{"loc":{"start":{"line":63,"column":48},"end":{"line":63,"column":71}},"type":"binary-expr","locations":[{"start":{"line":63,"column":48},"end":{"line":63,"column":65}},{"start":{"line":63,"column":65},"end":{"line":63,"column":71}}],"line":63},"8":{"loc":{"start":{"line":64,"column":23},"end":{"line":64,"column":79}},"type":"binary-expr","locations":[{"start":{"line":64,"column":23},"end":{"line":64,"column":41}},{"start":{"line":64,"column":41},"end":{"line":64,"column":79}}],"line":64},"9":{"loc":{"start":{"line":64,"column":50},"end":{"line":64,"column":74}},"type":"binary-expr","locations":[{"start":{"line":64,"column":50},"end":{"line":64,"column":68}},{"start":{"line":64,"column":68},"end":{"line":64,"column":74}}],"line":64},"10":{"loc":{"start":{"line":69,"column":2},"end":{"line":69,"column":null}},"type":"if","locations":[{"start":{"line":69,"column":2},"end":{"line":69,"column":null}},{"start":{},"end":{}}],"line":69},"11":{"loc":{"start":{"line":82,"column":2},"end":{"line":86,"column":null}},"type":"if","locations":[{"start":{"line":82,"column":2},"end":{"line":86,"column":null}},{"start":{},"end":{}}],"line":82},"12":{"loc":{"start":{"line":97,"column":2},"end":{"line":98,"column":null}},"type":"if","locations":[{"start":{"line":97,"column":2},"end":{"line":98,"column":null}},{"start":{},"end":{}}],"line":97},"13":{"loc":{"start":{"line":97,"column":6},"end":{"line":97,"column":65}},"type":"binary-expr","locations":[{"start":{"line":97,"column":6},"end":{"line":97,"column":31}},{"start":{"line":97,"column":31},"end":{"line":97,"column":65}}],"line":97},"14":{"loc":{"start":{"line":100,"column":2},"end":{"line":101,"column":null}},"type":"if","locations":[{"start":{"line":100,"column":2},"end":{"line":101,"column":null}},{"start":{},"end":{}}],"line":100},"15":{"loc":{"start":{"line":100,"column":6},"end":{"line":100,"column":65}},"type":"binary-expr","locations":[{"start":{"line":100,"column":6},"end":{"line":100,"column":31}},{"start":{"line":100,"column":31},"end":{"line":100,"column":65}}],"line":100},"16":{"loc":{"start":{"line":103,"column":2},"end":{"line":110,"column":null}},"type":"if","locations":[{"start":{"line":103,"column":2},"end":{"line":110,"column":null}},{"start":{},"end":{}}],"line":103},"17":{"loc":{"start":{"line":104,"column":4},"end":{"line":106,"column":42}},"type":"binary-expr","locations":[{"start":{"line":104,"column":4},"end":{"line":104,"column":null}},{"start":{"line":105,"column":4},"end":{"line":105,"column":null}},{"start":{"line":106,"column":4},"end":{"line":106,"column":42}}],"line":104},"18":{"loc":{"start":{"line":114,"column":2},"end":{"line":117,"column":null}},"type":"if","locations":[{"start":{"line":114,"column":2},"end":{"line":117,"column":null}},{"start":{},"end":{}}],"line":114},"19":{"loc":{"start":{"line":114,"column":6},"end":{"line":114,"column":56}},"type":"binary-expr","locations":[{"start":{"line":114,"column":6},"end":{"line":114,"column":23}},{"start":{"line":114,"column":23},"end":{"line":114,"column":56}}],"line":114},"20":{"loc":{"start":{"line":119,"column":2},"end":{"line":122,"column":null}},"type":"if","locations":[{"start":{"line":119,"column":2},"end":{"line":122,"column":null}},{"start":{},"end":{}}],"line":119},"21":{"loc":{"start":{"line":119,"column":6},"end":{"line":119,"column":59}},"type":"binary-expr","locations":[{"start":{"line":119,"column":6},"end":{"line":119,"column":24}},{"start":{"line":119,"column":24},"end":{"line":119,"column":59}}],"line":119},"22":{"loc":{"start":{"line":126,"column":2},"end":{"line":134,"column":null}},"type":"if","locations":[{"start":{"line":126,"column":2},"end":{"line":134,"column":null}},{"start":{},"end":{}}],"line":126},"23":{"loc":{"start":{"line":128,"column":4},"end":{"line":134,"column":null}},"type":"if","locations":[{"start":{"line":128,"column":4},"end":{"line":134,"column":null}},{"start":{},"end":{}}],"line":128},"24":{"loc":{"start":{"line":131,"column":6},"end":{"line":134,"column":null}},"type":"if","locations":[{"start":{"line":131,"column":6},"end":{"line":134,"column":null}},{"start":{},"end":{}}],"line":131},"25":{"loc":{"start":{"line":140,"column":4},"end":{"line":142,"column":null}},"type":"cond-expr","locations":[{"start":{"line":141,"column":8},"end":{"line":141,"column":null}},{"start":{"line":142,"column":8},"end":{"line":142,"column":null}}],"line":140},"26":{"loc":{"start":{"line":188,"column":24},"end":{"line":188,"column":null}},"type":"cond-expr","locations":[{"start":{"line":188,"column":48},"end":{"line":188,"column":62}},{"start":{"line":188,"column":65},"end":{"line":188,"column":null}}],"line":188},"27":{"loc":{"start":{"line":220,"column":2},"end":{"line":220,"column":null}},"type":"if","locations":[{"start":{"line":220,"column":2},"end":{"line":220,"column":null}},{"start":{},"end":{}}],"line":220},"28":{"loc":{"start":{"line":220,"column":31},"end":{"line":220,"column":null}},"type":"binary-expr","locations":[{"start":{"line":220,"column":31},"end":{"line":220,"column":45}},{"start":{"line":220,"column":45},"end":{"line":220,"column":null}}],"line":220},"29":{"loc":{"start":{"line":221,"column":2},"end":{"line":222,"column":null}},"type":"if","locations":[{"start":{"line":221,"column":2},"end":{"line":222,"column":null}},{"start":{},"end":{}}],"line":221},"30":{"loc":{"start":{"line":221,"column":6},"end":{"line":221,"column":70}},"type":"binary-expr","locations":[{"start":{"line":221,"column":6},"end":{"line":221,"column":30}},{"start":{"line":221,"column":30},"end":{"line":221,"column":51}},{"start":{"line":221,"column":51},"end":{"line":221,"column":70}}],"line":221},"31":{"loc":{"start":{"line":222,"column":11},"end":{"line":222,"column":null}},"type":"binary-expr","locations":[{"start":{"line":222,"column":11},"end":{"line":222,"column":33}},{"start":{"line":222,"column":33},"end":{"line":222,"column":50}},{"start":{"line":222,"column":50},"end":{"line":222,"column":null}}],"line":222},"32":{"loc":{"start":{"line":224,"column":9},"end":{"line":224,"column":null}},"type":"binary-expr","locations":[{"start":{"line":224,"column":9},"end":{"line":224,"column":26}},{"start":{"line":224,"column":26},"end":{"line":224,"column":48}},{"start":{"line":224,"column":48},"end":{"line":224,"column":null}}],"line":224}},"s":{"0":0,"1":0,"2":0,"3":0,"4":0,"5":0,"6":0,"7":0,"8":0,"9":0,"10":0,"11":0,"12":0,"13":0,"14":0,"15":0,"16":0,"17":0,"18":0,"19":0,"20":0,"21":0,"22":0,"23":0,"24":0,"25":0,"26":0,"27":0,"28":0,"29":0,"30":0,"31":0,"32":0,"33":0,"34":0,"35":0,"36":0,"37":0,"38":0,"39":0,"40":0,"41":0,"42":0,"43":0,"44":0,"45":0,"46":0,"47":0},"f":{"0":0,"1":0,"2":0,"3":0,"4":0},"b":{"0":[0,0],"1":[0,0],"2":[0,0],"3":[0,0],"4":[0,0,0],"5":[0,0,0],"6":[0,0],"7":[0,0],"8":[0,0],"9":[0,0],"10":[0,0],"11":[0,0],"12":[0,0],"13":[0,0],"14":[0,0],"15":[0,0],"16":[0,0],"17":[0,0,0],"18":[0,0],"19":[0,0],"20":[0,0],"21":[0,0],"22":[0,0],"23":[0,0],"24":[0,0],"25":[0,0],"26":[0,0],"27":[0,0],"28":[0,0],"29":[0,0],"30":[0,0,0],"31":[0,0,0],"32":[0,0,0]},"meta":{"lastBranch":33,"lastFunction":5,"lastStatement":48,"seen":{"f:45:9:45:20":0,"b:46:2:46:Infinity:undefined:undefined:undefined:undefined":0,"s:46:2:46:Infinity":0,"s:46:24:46:Infinity":1,"s:47:16:47:48":2,"b:47:16:47:40:47:40:47:48":1,"s:48:2:48:Infinity":3,"b:48:34:48:43:48:43:48:Infinity":2,"f:51:9:51:Infinity":1,"b:60:2:61:Infinity:undefined:undefined:undefined:undefined":3,"s:60:2:61:Infinity":4,"b:60:6:60:23:60:23:60:40:60:40:60:73":4,"s:61:4:61:Infinity":5,"b:61:43:61:61:61:61:61:79:61:79:61:94":5,"s:63:22:63:76":6,"b:63:22:63:39:63:39:63:76":6,"b:63:48:63:65:63:65:63:71":7,"s:64:23:64:79":7,"b:64:23:64:41:64:41:64:79":8,"b:64:50:64:68:64:68:64:74":9,"s:65:2:65:Infinity":8,"f:68:9:68:24":2,"b:69:2:69:Infinity:undefined:undefined:undefined:undefined":10,"s:69:2:69:Infinity":9,"s:69:24:69:Infinity":10,"s:70:2:70:Infinity":11,"f:73:22:73:33":3,"s:74:67:74:Infinity":12,"s:76:18:80:13":13,"b:82:2:86:Infinity:undefined:undefined:undefined:undefined":11,"s:82:2:86:Infinity":14,"s:83:4:86:Infinity":15,"s:88:15:88:Infinity":16,"s:90:17:90:49":17,"s:91:28:91:61":18,"s:92:19:92:56":19,"s:95:31:95:33":20,"b:97:2:98:Infinity:undefined:undefined:undefined:undefined":12,"s:97:2:98:Infinity":21,"b:97:6:97:31:97:31:97:65":13,"s:98:4:98:Infinity":22,"b:100:2:101:Infinity:undefined:undefined:undefined:undefined":14,"s:100:2:101:Infinity":23,"b:100:6:100:31:100:31:100:65":15,"s:101:4:101:Infinity":24,"b:103:2:110:Infinity:undefined:undefined:undefined:undefined":16,"s:103:2:110:Infinity":25,"b:104:4:104:Infinity:105:4:105:Infinity:106:4:106:42":17,"s:108:4:110:Infinity":26,"b:114:2:117:Infinity:undefined:undefined:undefined:undefined":18,"s:114:2:117:Infinity":27,"b:114:6:114:23:114:23:114:56":19,"s:115:4:117:Infinity":28,"b:119:2:122:Infinity:undefined:undefined:undefined:undefined":20,"s:119:2:122:Infinity":29,"b:119:6:119:24:119:24:119:59":21,"s:120:4:122:Infinity":30,"b:126:2:134:Infinity:undefined:undefined:undefined:undefined":22,"s:126:2:134:Infinity":31,"s:127:14:127:59":32,"b:128:4:134:Infinity:undefined:undefined:undefined:undefined":23,"s:128:4:134:Infinity":33,"s:129:27:129:62":34,"s:130:27:130:Infinity":35,"b:131:6:134:Infinity:undefined:undefined:undefined:undefined":24,"s:131:6:134:Infinity":36,"s:132:8:134:Infinity":37,"s:140:4:142:Infinity":38,"b:141:8:141:Infinity:142:8:142:Infinity":25,"s:148:2:156:Infinity":39,"s:162:21:171:Infinity":40,"s:173:19:197:16":41,"b:188:48:188:62:188:65:188:Infinity":26,"s:199:2:210:Infinity":42,"f:216:16:216:Infinity":4,"b:220:2:220:Infinity:undefined:undefined:undefined:undefined":27,"s:220:2:220:Infinity":43,"s:220:24:220:Infinity":44,"b:220:31:220:45:220:45:220:Infinity":28,"b:221:2:222:Infinity:undefined:undefined:undefined:undefined":29,"s:221:2:222:Infinity":45,"b:221:6:221:30:221:30:221:51:221:51:221:70":30,"s:222:4:222:Infinity":46,"b:222:11:222:33:222:33:222:50:222:50:222:Infinity":31,"s:224:2:224:Infinity":47,"b:224:9:224:26:224:26:224:48:224:48:224:Infinity":32}}}
,"C:\\Users\\zihao\\Desktop\\ff-brand-studio\\apps\\mcp-server\\src\\compliance\\amazon_scorer.ts": {"path":"C:\\Users\\zihao\\Desktop\\ff-brand-studio\\apps\\mcp-server\\src\\compliance\\amazon_scorer.ts","statementMap":{"0":{"start":{"line":41,"column":66},"end":{"line":46,"column":null}},"1":{"start":{"line":53,"column":27},"end":{"line":53,"column":29}},"2":{"start":{"line":54,"column":32},"end":{"line":54,"column":34}},"3":{"start":{"line":55,"column":43},"end":{"line":55,"column":45}},"4":{"start":{"line":57,"column":19},"end":{"line":61,"column":13}},"5":{"start":{"line":63,"column":2},"end":{"line":69,"column":null}},"6":{"start":{"line":64,"column":4},"end":{"line":69,"column":null}},"7":{"start":{"line":71,"column":12},"end":{"line":71,"column":null}},"8":{"start":{"line":72,"column":2},"end":{"line":72,"column":null}},"9":{"start":{"line":73,"column":2},"end":{"line":73,"column":null}},"10":{"start":{"line":75,"column":2},"end":{"line":81,"column":null}},"11":{"start":{"line":76,"column":4},"end":{"line":81,"column":null}},"12":{"start":{"line":84,"column":18},"end":{"line":90,"column":13}},"13":{"start":{"line":92,"column":2},"end":{"line":98,"column":null}},"14":{"start":{"line":93,"column":4},"end":{"line":98,"column":null}},"15":{"start":{"line":100,"column":15},"end":{"line":100,"column":null}},"16":{"start":{"line":102,"column":2},"end":{"line":102,"column":null}},"17":{"start":{"line":103,"column":2},"end":{"line":103,"column":null}},"18":{"start":{"line":104,"column":2},"end":{"line":105,"column":null}},"19":{"start":{"line":105,"column":4},"end":{"line":105,"column":null}},"20":{"start":{"line":107,"column":2},"end":{"line":108,"column":null}},"21":{"start":{"line":108,"column":4},"end":{"line":108,"column":null}},"22":{"start":{"line":110,"column":2},"end":{"line":111,"column":null}},"23":{"start":{"line":111,"column":4},"end":{"line":111,"column":null}},"24":{"start":{"line":113,"column":2},"end":{"line":114,"column":null}},"25":{"start":{"line":114,"column":4},"end":{"line":114,"column":null}},"26":{"start":{"line":117,"column":2},"end":{"line":127,"column":null}},"27":{"start":{"line":118,"column":14},"end":{"line":118,"column":59}},"28":{"start":{"line":119,"column":4},"end":{"line":127,"column":null}},"29":{"start":{"line":120,"column":21},"end":{"line":120,"column":56}},"30":{"start":{"line":121,"column":21},"end":{"line":121,"column":null}},"31":{"start":{"line":122,"column":6},"end":{"line":122,"column":null}},"32":{"start":{"line":123,"column":6},"end":{"line":123,"column":null}},"33":{"start":{"line":124,"column":6},"end":{"line":127,"column":null}},"34":{"start":{"line":125,"column":8},"end":{"line":127,"column":null}},"35":{"start":{"line":132,"column":2},"end":{"line":132,"column":null}},"36":{"start":{"line":133,"column":2},"end":{"line":138,"column":null}},"37":{"start":{"line":138,"column":4},"end":{"line":138,"column":null}},"38":{"start":{"line":140,"column":2},"end":{"line":145,"column":null}},"39":{"start":{"line":145,"column":4},"end":{"line":145,"column":null}},"40":{"start":{"line":148,"column":2},"end":{"line":148,"column":null}},"41":{"start":{"line":149,"column":2},"end":{"line":157,"column":null}},"42":{"start":{"line":155,"column":4},"end":{"line":157,"column":null}},"43":{"start":{"line":160,"column":2},"end":{"line":167,"column":null}},"44":{"start":{"line":161,"column":4},"end":{"line":163,"column":null}},"45":{"start":{"line":164,"column":4},"end":{"line":167,"column":null}},"46":{"start":{"line":165,"column":6},"end":{"line":167,"column":null}},"47":{"start":{"line":170,"column":2},"end":{"line":173,"column":null}},"48":{"start":{"line":171,"column":4},"end":{"line":173,"column":null}},"49":{"start":{"line":176,"column":2},"end":{"line":179,"column":null}},"50":{"start":{"line":177,"column":22},"end":{"line":177,"column":null}},"51":{"start":{"line":178,"column":4},"end":{"line":179,"column":null}},"52":{"start":{"line":179,"column":6},"end":{"line":179,"column":null}},"53":{"start":{"line":179,"column":32},"end":{"line":179,"column":null}},"54":{"start":{"line":184,"column":4},"end":{"line":184,"column":null}},"55":{"start":{"line":187,"column":2},"end":{"line":246,"column":null}},"56":{"start":{"line":188,"column":4},"end":{"line":190,"column":null}},"57":{"start":{"line":189,"column":6},"end":{"line":189,"column":null}},"58":{"start":{"line":190,"column":6},"end":{"line":190,"column":null}},"59":{"start":{"line":194,"column":23},"end":{"line":204,"column":15}},"60":{"start":{"line":205,"column":21},"end":{"line":205,"column":null}},"61":{"start":{"line":206,"column":21},"end":{"line":206,"column":null}},"62":{"start":{"line":207,"column":22},"end":{"line":207,"column":null}},"63":{"start":{"line":211,"column":17},"end":{"line":217,"column":10}},"64":{"start":{"line":219,"column":25},"end":{"line":234,"column":6}},"65":{"start":{"line":221,"column":44},"end":{"line":221,"column":52}},"66":{"start":{"line":235,"column":10},"end":{"line":235,"column":60}},"67":{"start":{"line":237,"column":4},"end":{"line":237,"column":null}},"68":{"start":{"line":238,"column":4},"end":{"line":238,"column":null}},"69":{"start":{"line":239,"column":4},"end":{"line":239,"column":null}},"70":{"start":{"line":240,"column":4},"end":{"line":240,"column":null}},"71":{"start":{"line":243,"column":4},"end":{"line":243,"column":null}},"72":{"start":{"line":243,"column":35},"end":{"line":243,"column":null}},"73":{"start":{"line":244,"column":4},"end":{"line":244,"column":null}},"74":{"start":{"line":244,"column":40},"end":{"line":244,"column":null}},"75":{"start":{"line":245,"column":4},"end":{"line":246,"column":null}},"76":{"start":{"line":246,"column":6},"end":{"line":246,"column":null}},"77":{"start":{"line":250,"column":2},"end":{"line":250,"column":null}}},"fnMap":{"0":{"name":"scoreAmazonCompliance","decl":{"start":{"line":48,"column":22},"end":{"line":48,"column":null}},"loc":{"start":{"line":52,"column":41},"end":{"line":250,"column":null}},"line":52},"1":{"name":"(anonymous_1)","decl":{"start":{"line":221,"column":33},"end":{"line":221,"column":38}},"loc":{"start":{"line":221,"column":44},"end":{"line":221,"column":52}},"line":221}},"branchMap":{"0":{"loc":{"start":{"line":51,"column":2},"end":{"line":51,"column":41}},"type":"default-arg","locations":[{"start":{"line":51,"column":39},"end":{"line":51,"column":41}}],"line":51},"1":{"loc":{"start":{"line":63,"column":2},"end":{"line":69,"column":null}},"type":"if","locations":[{"start":{"line":63,"column":2},"end":{"line":69,"column":null}},{"start":{},"end":{}}],"line":63},"2":{"loc":{"start":{"line":75,"column":2},"end":{"line":81,"column":null}},"type":"if","locations":[{"start":{"line":75,"column":2},"end":{"line":81,"column":null}},{"start":{},"end":{}}],"line":75},"3":{"loc":{"start":{"line":92,"column":2},"end":{"line":98,"column":null}},"type":"if","locations":[{"start":{"line":92,"column":2},"end":{"line":98,"column":null}},{"start":{},"end":{}}],"line":92},"4":{"loc":{"start":{"line":104,"column":2},"end":{"line":105,"column":null}},"type":"if","locations":[{"start":{"line":104,"column":2},"end":{"line":105,"column":null}},{"start":{},"end":{}}],"line":104},"5":{"loc":{"start":{"line":104,"column":6},"end":{"line":104,"column":68}},"type":"binary-expr","locations":[{"start":{"line":104,"column":6},"end":{"line":104,"column":23}},{"start":{"line":104,"column":23},"end":{"line":104,"column":43}},{"start":{"line":104,"column":43},"end":{"line":104,"column":68}}],"line":104},"6":{"loc":{"start":{"line":107,"column":2},"end":{"line":108,"column":null}},"type":"if","locations":[{"start":{"line":107,"column":2},"end":{"line":108,"column":null}},{"start":{},"end":{}}],"line":107},"7":{"loc":{"start":{"line":107,"column":6},"end":{"line":107,"column":72}},"type":"binary-expr","locations":[{"start":{"line":107,"column":6},"end":{"line":107,"column":24}},{"start":{"line":107,"column":24},"end":{"line":107,"column":45}},{"start":{"line":107,"column":45},"end":{"line":107,"column":72}}],"line":107},"8":{"loc":{"start":{"line":110,"column":2},"end":{"line":111,"column":null}},"type":"if","locations":[{"start":{"line":110,"column":2},"end":{"line":111,"column":null}},{"start":{},"end":{}}],"line":110},"9":{"loc":{"start":{"line":110,"column":6},"end":{"line":110,"column":68}},"type":"binary-expr","locations":[{"start":{"line":110,"column":6},"end":{"line":110,"column":23}},{"start":{"line":110,"column":23},"end":{"line":110,"column":43}},{"start":{"line":110,"column":43},"end":{"line":110,"column":68}}],"line":110},"10":{"loc":{"start":{"line":113,"column":2},"end":{"line":114,"column":null}},"type":"if","locations":[{"start":{"line":113,"column":2},"end":{"line":114,"column":null}},{"start":{},"end":{}}],"line":113},"11":{"loc":{"start":{"line":113,"column":6},"end":{"line":113,"column":72}},"type":"binary-expr","locations":[{"start":{"line":113,"column":6},"end":{"line":113,"column":24}},{"start":{"line":113,"column":24},"end":{"line":113,"column":45}},{"start":{"line":113,"column":45},"end":{"line":113,"column":72}}],"line":113},"12":{"loc":{"start":{"line":117,"column":2},"end":{"line":127,"column":null}},"type":"if","locations":[{"start":{"line":117,"column":2},"end":{"line":127,"column":null}},{"start":{},"end":{}}],"line":117},"13":{"loc":{"start":{"line":117,"column":6},"end":{"line":117,"column":47}},"type":"binary-expr","locations":[{"start":{"line":117,"column":6},"end":{"line":117,"column":26}},{"start":{"line":117,"column":26},"end":{"line":117,"column":37}},{"start":{"line":117,"column":37},"end":{"line":117,"column":47}}],"line":117},"14":{"loc":{"start":{"line":119,"column":4},"end":{"line":127,"column":null}},"type":"if","locations":[{"start":{"line":119,"column":4},"end":{"line":127,"column":null}},{"start":{},"end":{}}],"line":119},"15":{"loc":{"start":{"line":124,"column":6},"end":{"line":127,"column":null}},"type":"if","locations":[{"start":{"line":124,"column":6},"end":{"line":127,"column":null}},{"start":{},"end":{}}],"line":124},"16":{"loc":{"start":{"line":133,"column":2},"end":{"line":138,"column":null}},"type":"if","locations":[{"start":{"line":133,"column":2},"end":{"line":138,"column":null}},{"start":{},"end":{}}],"line":133},"17":{"loc":{"start":{"line":134,"column":4},"end":{"line":136,"column":null}},"type":"binary-expr","locations":[{"start":{"line":134,"column":4},"end":{"line":134,"column":null}},{"start":{"line":135,"column":4},"end":{"line":135,"column":null}},{"start":{"line":136,"column":4},"end":{"line":136,"column":null}}],"line":134},"18":{"loc":{"start":{"line":140,"column":2},"end":{"line":145,"column":null}},"type":"if","locations":[{"start":{"line":140,"column":2},"end":{"line":145,"column":null}},{"start":{},"end":{}}],"line":140},"19":{"loc":{"start":{"line":141,"column":4},"end":{"line":143,"column":null}},"type":"binary-expr","locations":[{"start":{"line":141,"column":4},"end":{"line":141,"column":null}},{"start":{"line":142,"column":4},"end":{"line":142,"column":null}},{"start":{"line":143,"column":4},"end":{"line":143,"column":null}}],"line":141},"20":{"loc":{"start":{"line":149,"column":2},"end":{"line":157,"column":null}},"type":"if","locations":[{"start":{"line":149,"column":2},"end":{"line":157,"column":null}},{"start":{},"end":{}}],"line":149},"21":{"loc":{"start":{"line":150,"column":4},"end":{"line":153,"column":44}},"type":"binary-expr","locations":[{"start":{"line":150,"column":4},"end":{"line":150,"column":null}},{"start":{"line":151,"column":4},"end":{"line":151,"column":null}},{"start":{"line":152,"column":4},"end":{"line":152,"column":null}},{"start":{"line":153,"column":4},"end":{"line":153,"column":44}}],"line":150},"22":{"loc":{"start":{"line":160,"column":2},"end":{"line":167,"column":null}},"type":"if","locations":[{"start":{"line":160,"column":2},"end":{"line":167,"column":null}},{"start":{},"end":{}}],"line":160},"23":{"loc":{"start":{"line":164,"column":4},"end":{"line":167,"column":null}},"type":"if","locations":[{"start":{"line":164,"column":4},"end":{"line":167,"column":null}},{"start":{},"end":{}}],"line":164},"24":{"loc":{"start":{"line":170,"column":2},"end":{"line":173,"column":null}},"type":"if","locations":[{"start":{"line":170,"column":2},"end":{"line":173,"column":null}},{"start":{},"end":{}}],"line":170},"25":{"loc":{"start":{"line":176,"column":2},"end":{"line":179,"column":null}},"type":"if","locations":[{"start":{"line":176,"column":2},"end":{"line":179,"column":null}},{"start":{},"end":{}}],"line":176},"26":{"loc":{"start":{"line":176,"column":6},"end":{"line":176,"column":68}},"type":"binary-expr","locations":[{"start":{"line":176,"column":6},"end":{"line":176,"column":28}},{"start":{"line":176,"column":28},"end":{"line":176,"column":68}}],"line":176},"27":{"loc":{"start":{"line":178,"column":4},"end":{"line":179,"column":null}},"type":"if","locations":[{"start":{"line":178,"column":4},"end":{"line":179,"column":null}},{"start":{},"end":{}}],"line":178},"28":{"loc":{"start":{"line":178,"column":8},"end":{"line":178,"column":41}},"type":"binary-expr","locations":[{"start":{"line":178,"column":8},"end":{"line":178,"column":20}},{"start":{"line":178,"column":20},"end":{"line":178,"column":41}}],"line":178},"29":{"loc":{"start":{"line":184,"column":4},"end":{"line":184,"column":null}},"type":"cond-expr","locations":[{"start":{"line":184,"column":26},"end":{"line":184,"column":40}},{"start":{"line":184,"column":40},"end":{"line":184,"column":null}}],"line":184},"30":{"loc":{"start":{"line":184,"column":40},"end":{"line":184,"column":null}},"type":"cond-expr","locations":[{"start":{"line":184,"column":61},"end":{"line":184,"column":70}},{"start":{"line":184,"column":70},"end":{"line":184,"column":null}}],"line":184},"31":{"loc":{"start":{"line":187,"column":2},"end":{"line":246,"column":null}},"type":"if","locations":[{"start":{"line":187,"column":2},"end":{"line":246,"column":null}},{"start":{},"end":{}}],"line":187},"32":{"loc":{"start":{"line":188,"column":4},"end":{"line":190,"column":null}},"type":"if","locations":[{"start":{"line":188,"column":4},"end":{"line":190,"column":null}},{"start":{},"end":{}}],"line":188},"33":{"loc":{"start":{"line":211,"column":17},"end":{"line":217,"column":10}},"type":"cond-expr","locations":[{"start":{"line":212,"column":8},"end":{"line":216,"column":19}},{"start":{"line":217,"column":8},"end":{"line":217,"column":10}}],"line":211},"34":{"loc":{"start":{"line":226,"column":8},"end":{"line":233,"column":null}},"type":"cond-expr","locations":[{"start":{"line":227,"column":12},"end":{"line":232,"column":null}},{"start":{"line":233,"column":12},"end":{"line":233,"column":null}}],"line":226},"35":{"loc":{"start":{"line":226,"column":8},"end":{"line":226,"column":null}},"type":"binary-expr","locations":[{"start":{"line":226,"column":8},"end":{"line":226,"column":20}},{"start":{"line":226,"column":20},"end":{"line":226,"column":null}}],"line":226},"36":{"loc":{"start":{"line":245,"column":4},"end":{"line":246,"column":null}},"type":"if","locations":[{"start":{"line":245,"column":4},"end":{"line":246,"column":null}},{"start":{},"end":{}}],"line":245}},"s":{"0":1,"1":0,"2":0,"3":0,"4":0,"5":0,"6":0,"7":0,"8":0,"9":0,"10":0,"11":0,"12":0,"13":0,"14":0,"15":0,"16":0,"17":0,"18":0,"19":0,"20":0,"21":0,"22":0,"23":0,"24":0,"25":0,"26":0,"27":0,"28":0,"29":0,"30":0,"31":0,"32":0,"33":0,"34":0,"35":0,"36":0,"37":0,"38":0,"39":0,"40":0,"41":0,"42":0,"43":0,"44":0,"45":0,"46":0,"47":0,"48":0,"49":0,"50":0,"51":0,"52":0,"53":0,"54":0,"55":0,"56":0,"57":0,"58":0,"59":0,"60":0,"61":0,"62":0,"63":0,"64":0,"65":0,"66":0,"67":0,"68":0,"69":0,"70":0,"71":0,"72":0,"73":0,"74":0,"75":0,"76":0,"77":0},"f":{"0":0,"1":0},"b":{"0":[0],"1":[0,0],"2":[0,0],"3":[0,0],"4":[0,0],"5":[0,0,0],"6":[0,0],"7":[0,0,0],"8":[0,0],"9":[0,0,0],"10":[0,0],"11":[0,0,0],"12":[0,0],"13":[0,0,0],"14":[0,0],"15":[0,0],"16":[0,0],"17":[0,0,0],"18":[0,0],"19":[0,0,0],"20":[0,0],"21":[0,0,0,0],"22":[0,0],"23":[0,0],"24":[0,0],"25":[0,0],"26":[0,0],"27":[0,0],"28":[0,0],"29":[0,0],"30":[0,0],"31":[0,0],"32":[0,0],"33":[0,0],"34":[0,0],"35":[0,0],"36":[0,0]},"meta":{"lastBranch":37,"lastFunction":2,"lastStatement":78,"seen":{"s:41:66:46:Infinity":0,"f:48:22:48:Infinity":0,"b:51:39:51:41":0,"s:53:27:53:29":1,"s:54:32:54:34":2,"s:55:43:55:45":3,"s:57:19:61:13":4,"b:63:2:69:Infinity:undefined:undefined:undefined:undefined":1,"s:63:2:69:Infinity":5,"s:64:4:69:Infinity":6,"s:71:12:71:Infinity":7,"s:72:2:72:Infinity":8,"s:73:2:73:Infinity":9,"b:75:2:81:Infinity:undefined:undefined:undefined:undefined":2,"s:75:2:81:Infinity":10,"s:76:4:81:Infinity":11,"s:84:18:90:13":12,"b:92:2:98:Infinity:undefined:undefined:undefined:undefined":3,"s:92:2:98:Infinity":13,"s:93:4:98:Infinity":14,"s:100:15:100:Infinity":15,"s:102:2:102:Infinity":16,"s:103:2:103:Infinity":17,"b:104:2:105:Infinity:undefined:undefined:undefined:undefined":4,"s:104:2:105:Infinity":18,"b:104:6:104:23:104:23:104:43:104:43:104:68":5,"s:105:4:105:Infinity":19,"b:107:2:108:Infinity:undefined:undefined:undefined:undefined":6,"s:107:2:108:Infinity":20,"b:107:6:107:24:107:24:107:45:107:45:107:72":7,"s:108:4:108:Infinity":21,"b:110:2:111:Infinity:undefined:undefined:undefined:undefined":8,"s:110:2:111:Infinity":22,"b:110:6:110:23:110:23:110:43:110:43:110:68":9,"s:111:4:111:Infinity":23,"b:113:2:114:Infinity:undefined:undefined:undefined:undefined":10,"s:113:2:114:Infinity":24,"b:113:6:113:24:113:24:113:45:113:45:113:72":11,"s:114:4:114:Infinity":25,"b:117:2:127:Infinity:undefined:undefined:undefined:undefined":12,"s:117:2:127:Infinity":26,"b:117:6:117:26:117:26:117:37:117:37:117:47":13,"s:118:14:118:59":27,"b:119:4:127:Infinity:undefined:undefined:undefined:undefined":14,"s:119:4:127:Infinity":28,"s:120:21:120:56":29,"s:121:21:121:Infinity":30,"s:122:6:122:Infinity":31,"s:123:6:123:Infinity":32,"b:124:6:127:Infinity:undefined:undefined:undefined:undefined":15,"s:124:6:127:Infinity":33,"s:125:8:127:Infinity":34,"s:132:2:132:Infinity":35,"b:133:2:138:Infinity:undefined:undefined:undefined:undefined":16,"s:133:2:138:Infinity":36,"b:134:4:134:Infinity:135:4:135:Infinity:136:4:136:Infinity":17,"s:138:4:138:Infinity":37,"b:140:2:145:Infinity:undefined:undefined:undefined:undefined":18,"s:140:2:145:Infinity":38,"b:141:4:141:Infinity:142:4:142:Infinity:143:4:143:Infinity":19,"s:145:4:145:Infinity":39,"s:148:2:148:Infinity":40,"b:149:2:157:Infinity:undefined:undefined:undefined:undefined":20,"s:149:2:157:Infinity":41,"b:150:4:150:Infinity:151:4:151:Infinity:152:4:152:Infinity:153:4:153:44":21,"s:155:4:157:Infinity":42,"b:160:2:167:Infinity:undefined:undefined:undefined:undefined":22,"s:160:2:167:Infinity":43,"s:161:4:163:Infinity":44,"b:164:4:167:Infinity:undefined:undefined:undefined:undefined":23,"s:164:4:167:Infinity":45,"s:165:6:167:Infinity":46,"b:170:2:173:Infinity:undefined:undefined:undefined:undefined":24,"s:170:2:173:Infinity":47,"s:171:4:173:Infinity":48,"b:176:2:179:Infinity:undefined:undefined:undefined:undefined":25,"s:176:2:179:Infinity":49,"b:176:6:176:28:176:28:176:68":26,"s:177:22:177:Infinity":50,"b:178:4:179:Infinity:undefined:undefined:undefined:undefined":27,"s:178:4:179:Infinity":51,"b:178:8:178:20:178:20:178:41":28,"s:179:6:179:Infinity":52,"s:179:32:179:Infinity":53,"s:184:4:184:Infinity":54,"b:184:26:184:40:184:40:184:Infinity":29,"b:184:61:184:70:184:70:184:Infinity":30,"b:187:2:246:Infinity:undefined:undefined:undefined:undefined":31,"s:187:2:246:Infinity":55,"b:188:4:190:Infinity:undefined:undefined:undefined:undefined":32,"s:188:4:190:Infinity":56,"s:189:6:189:Infinity":57,"s:190:6:190:Infinity":58,"s:194:23:204:15":59,"s:205:21:205:Infinity":60,"s:206:21:206:Infinity":61,"s:207:22:207:Infinity":62,"s:211:17:217:10":63,"b:212:8:216:19:217:8:217:10":33,"s:219:25:234:6":64,"f:221:33:221:38":1,"s:221:44:221:52":65,"b:227:12:232:Infinity:233:12:233:Infinity":34,"b:226:8:226:20:226:20:226:Infinity":35,"s:235:10:235:60":66,"s:237:4:237:Infinity":67,"s:238:4:238:Infinity":68,"s:239:4:239:Infinity":69,"s:240:4:240:Infinity":70,"s:243:4:243:Infinity":71,"s:243:35:243:Infinity":72,"s:244:4:244:Infinity":73,"s:244:40:244:Infinity":74,"b:245:4:246:Infinity:undefined:undefined:undefined:undefined":36,"s:245:4:246:Infinity":75,"s:246:6:246:Infinity":76,"s:250:2:250:Infinity":77}}}
,"C:\\Users\\zihao\\Desktop\\ff-brand-studio\\apps\\mcp-server\\src\\compliance\\dual_judge.ts": {"path":"C:\\Users\\zihao\\Desktop\\ff-brand-studio\\apps\\mcp-server\\src\\compliance\\dual_judge.ts","statementMap":{"0":{"start":{"line":36,"column":46},"end":{"line":36,"column":null}},"1":{"start":{"line":62,"column":43},"end":{"line":62,"column":null}},"2":{"start":{"line":137,"column":22},"end":{"line":137,"column":null}},"3":{"start":{"line":155,"column":12},"end":{"line":155,"column":28}},"4":{"start":{"line":156,"column":2},"end":{"line":156,"column":null}},"5":{"start":{"line":156,"column":13},"end":{"line":156,"column":null}},"6":{"start":{"line":157,"column":13},"end":{"line":157,"column":null}},"7":{"start":{"line":158,"column":18},"end":{"line":158,"column":null}},"8":{"start":{"line":159,"column":21},"end":{"line":159,"column":null}},"9":{"start":{"line":164,"column":14},"end":{"line":164,"column":48}},"10":{"start":{"line":165,"column":2},"end":{"line":165,"column":null}},"11":{"start":{"line":177,"column":53},"end":{"line":177,"column":55}},"12":{"start":{"line":180,"column":2},"end":{"line":187,"column":null}},"13":{"start":{"line":190,"column":2},"end":{"line":203,"column":null}},"14":{"start":{"line":191,"column":4},"end":{"line":194,"column":null}},"15":{"start":{"line":195,"column":4},"end":{"line":203,"column":null}},"16":{"start":{"line":196,"column":6},"end":{"line":203,"column":null}},"17":{"start":{"line":207,"column":2},"end":{"line":207,"column":null}},"18":{"start":{"line":209,"column":15},"end":{"line":220,"column":4}},"19":{"start":{"line":222,"column":14},"end":{"line":222,"column":null}},"20":{"start":{"line":223,"column":12},"end":{"line":223,"column":36}},"21":{"start":{"line":224,"column":38},"end":{"line":224,"column":null}},"22":{"start":{"line":225,"column":15},"end":{"line":225,"column":null}},"23":{"start":{"line":226,"column":2},"end":{"line":240,"column":null}},"24":{"start":{"line":227,"column":4},"end":{"line":240,"column":null}},"25":{"start":{"line":228,"column":21},"end":{"line":228,"column":37}},"26":{"start":{"line":232,"column":6},"end":{"line":233,"column":null}},"27":{"start":{"line":233,"column":8},"end":{"line":233,"column":null}},"28":{"start":{"line":235,"column":6},"end":{"line":238,"column":null}},"29":{"start":{"line":236,"column":8},"end":{"line":236,"column":null}},"30":{"start":{"line":237,"column":17},"end":{"line":238,"column":null}},"31":{"start":{"line":238,"column":8},"end":{"line":238,"column":null}},"32":{"start":{"line":245,"column":2},"end":{"line":251,"column":null}},"33":{"start":{"line":260,"column":8},"end":{"line":261,"column":null}},"34":{"start":{"line":262,"column":2},"end":{"line":262,"column":null}},"35":{"start":{"line":268,"column":16},"end":{"line":268,"column":null}},"36":{"start":{"line":269,"column":17},"end":{"line":273,"column":4}},"37":{"start":{"line":277,"column":29},"end":{"line":277,"column":31}},"38":{"start":{"line":278,"column":2},"end":{"line":298,"column":null}},"39":{"start":{"line":279,"column":4},"end":{"line":279,"column":null}},"40":{"start":{"line":280,"column":4},"end":{"line":284,"column":null}},"41":{"start":{"line":283,"column":19},"end":{"line":283,"column":57}},"42":{"start":{"line":284,"column":6},"end":{"line":284,"column":null}},"43":{"start":{"line":287,"column":16},"end":{"line":287,"column":64}},"44":{"start":{"line":288,"column":4},"end":{"line":298,"column":null}},"45":{"start":{"line":302,"column":19},"end":{"line":302,"column":null}},"46":{"start":{"line":304,"column":35},"end":{"line":320,"column":4}},"47":{"start":{"line":323,"column":4},"end":{"line":332,"column":null}},"48":{"start":{"line":334,"column":4},"end":{"line":343,"column":null}},"49":{"start":{"line":347,"column":2},"end":{"line":349,"column":null}},"50":{"start":{"line":348,"column":4},"end":{"line":348,"column":null}},"51":{"start":{"line":349,"column":4},"end":{"line":349,"column":null}},"52":{"start":{"line":352,"column":19},"end":{"line":352,"column":null}},"53":{"start":{"line":353,"column":28},"end":{"line":353,"column":30}},"54":{"start":{"line":354,"column":2},"end":{"line":354,"column":null}},"55":{"start":{"line":354,"column":32},"end":{"line":354,"column":null}},"56":{"start":{"line":355,"column":2},"end":{"line":355,"column":null}},"57":{"start":{"line":355,"column":34},"end":{"line":355,"column":null}},"58":{"start":{"line":357,"column":18},"end":{"line":357,"column":85}},"59":{"start":{"line":358,"column":20},"end":{"line":358,"column":93}},"60":{"start":{"line":359,"column":21},"end":{"line":359,"column":null}},"61":{"start":{"line":363,"column":2},"end":{"line":393,"column":null}},"62":{"start":{"line":364,"column":4},"end":{"line":393,"column":null}},"63":{"start":{"line":365,"column":6},"end":{"line":388,"column":null}},"64":{"start":{"line":390,"column":6},"end":{"line":393,"column":null}},"65":{"start":{"line":400,"column":47},"end":{"line":400,"column":null}},"66":{"start":{"line":402,"column":2},"end":{"line":421,"column":null}},"67":{"start":{"line":432,"column":2},"end":{"line":438,"column":null}},"68":{"start":{"line":435,"column":40},"end":{"line":435,"column":70}}},"fnMap":{"0":{"name":"fetchImageAsBase64","decl":{"start":{"line":154,"column":15},"end":{"line":154,"column":34}},"loc":{"start":{"line":154,"column":70},"end":{"line":165,"column":null}},"line":154},"1":{"name":"judgeOne","decl":{"start":{"line":176,"column":15},"end":{"line":176,"column":24}},"loc":{"start":{"line":176,"column":69},"end":{"line":251,"column":null}},"line":176},"2":{"name":"tokenCostCents","decl":{"start":{"line":254,"column":9},"end":{"line":254,"column":null}},"loc":{"start":{"line":258,"column":10},"end":{"line":262,"column":null}},"line":258},"3":{"name":"judgeImage","decl":{"start":{"line":265,"column":22},"end":{"line":265,"column":null}},"loc":{"start":{"line":267,"column":28},"end":{"line":421,"column":null}},"line":267},"4":{"name":"dualJudgeToComplianceResult","decl":{"start":{"line":429,"column":16},"end":{"line":429,"column":null}},"loc":{"start":{"line":431,"column":57},"end":{"line":438,"column":null}},"line":431},"5":{"name":"(anonymous_5)","decl":{"start":{"line":435,"column":29},"end":{"line":435,"column":34}},"loc":{"start":{"line":435,"column":40},"end":{"line":435,"column":70}},"line":435}},"branchMap":{"0":{"loc":{"start":{"line":156,"column":2},"end":{"line":156,"column":null}},"type":"if","locations":[{"start":{"line":156,"column":2},"end":{"line":156,"column":null}},{"start":{},"end":{}}],"line":156},"1":{"loc":{"start":{"line":157,"column":13},"end":{"line":157,"column":null}},"type":"binary-expr","locations":[{"start":{"line":157,"column":13},"end":{"line":157,"column":42}},{"start":{"line":157,"column":46},"end":{"line":157,"column":null}}],"line":157},"2":{"loc":{"start":{"line":159,"column":21},"end":{"line":159,"column":null}},"type":"cond-expr","locations":[{"start":{"line":159,"column":44},"end":{"line":159,"column":49}},{"start":{"line":159,"column":49},"end":{"line":159,"column":null}}],"line":159},"3":{"loc":{"start":{"line":190,"column":2},"end":{"line":203,"column":null}},"type":"if","locations":[{"start":{"line":190,"column":2},"end":{"line":203,"column":null}},{"start":{},"end":{}}],"line":190},"4":{"loc":{"start":{"line":190,"column":6},"end":{"line":190,"column":63}},"type":"binary-expr","locations":[{"start":{"line":190,"column":6},"end":{"line":190,"column":30}},{"start":{"line":190,"column":30},"end":{"line":190,"column":63}}],"line":190},"5":{"loc":{"start":{"line":222,"column":14},"end":{"line":222,"column":null}},"type":"cond-expr","locations":[{"start":{"line":222,"column":49},"end":{"line":222,"column":76}},{"start":{"line":222,"column":79},"end":{"line":222,"column":null}}],"line":222},"6":{"loc":{"start":{"line":226,"column":2},"end":{"line":240,"column":null}},"type":"if","locations":[{"start":{"line":226,"column":2},"end":{"line":240,"column":null}},{"start":{},"end":{}}],"line":226},"7":{"loc":{"start":{"line":232,"column":6},"end":{"line":233,"column":null}},"type":"if","locations":[{"start":{"line":232,"column":6},"end":{"line":233,"column":null}},{"start":{},"end":{}}],"line":232},"8":{"loc":{"start":{"line":232,"column":10},"end":{"line":232,"column":71}},"type":"binary-expr","locations":[{"start":{"line":232,"column":10},"end":{"line":232,"column":42}},{"start":{"line":232,"column":42},"end":{"line":232,"column":71}}],"line":232},"9":{"loc":{"start":{"line":235,"column":6},"end":{"line":238,"column":null}},"type":"if","locations":[{"start":{"line":235,"column":6},"end":{"line":238,"column":null}},{"start":{"line":237,"column":17},"end":{"line":238,"column":null}}],"line":235},"10":{"loc":{"start":{"line":235,"column":10},"end":{"line":235,"column":73}},"type":"binary-expr","locations":[{"start":{"line":235,"column":10},"end":{"line":235,"column":47}},{"start":{"line":235,"column":47},"end":{"line":235,"column":73}}],"line":235},"11":{"loc":{"start":{"line":237,"column":17},"end":{"line":238,"column":null}},"type":"if","locations":[{"start":{"line":237,"column":17},"end":{"line":238,"column":null}},{"start":{},"end":{}}],"line":237},"12":{"loc":{"start":{"line":248,"column":17},"end":{"line":248,"column":null}},"type":"binary-expr","locations":[{"start":{"line":248,"column":17},"end":{"line":248,"column":45}},{"start":{"line":248,"column":45},"end":{"line":248,"column":null}}],"line":248},"13":{"loc":{"start":{"line":249,"column":18},"end":{"line":249,"column":null}},"type":"binary-expr","locations":[{"start":{"line":249,"column":18},"end":{"line":249,"column":57}},{"start":{"line":249,"column":57},"end":{"line":249,"column":null}}],"line":249},"14":{"loc":{"start":{"line":250,"column":18},"end":{"line":250,"column":null}},"type":"binary-expr","locations":[{"start":{"line":250,"column":18},"end":{"line":250,"column":47}},{"start":{"line":250,"column":47},"end":{"line":250,"column":null}}],"line":250},"15":{"loc":{"start":{"line":268,"column":16},"end":{"line":268,"column":null}},"type":"binary-expr","locations":[{"start":{"line":268,"column":16},"end":{"line":268,"column":31}},{"start":{"line":268,"column":31},"end":{"line":268,"column":null}}],"line":268},"16":{"loc":{"start":{"line":280,"column":4},"end":{"line":284,"column":null}},"type":"if","locations":[{"start":{"line":280,"column":4},"end":{"line":284,"column":null}},{"start":{},"end":{}}],"line":280},"17":{"loc":{"start":{"line":287,"column":16},"end":{"line":287,"column":64}},"type":"cond-expr","locations":[{"start":{"line":287,"column":39},"end":{"line":287,"column":53}},{"start":{"line":287,"column":53},"end":{"line":287,"column":64}}],"line":287},"18":{"loc":{"start":{"line":302,"column":48},"end":{"line":302,"column":102}},"type":"cond-expr","locations":[{"start":{"line":302,"column":65},"end":{"line":302,"column":99}},{"start":{"line":302,"column":99},"end":{"line":302,"column":102}}],"line":302},"19":{"loc":{"start":{"line":310,"column":23},"end":{"line":310,"column":null}},"type":"cond-expr","locations":[{"start":{"line":310,"column":41},"end":{"line":310,"column":48}},{"start":{"line":310,"column":48},"end":{"line":310,"column":null}}],"line":310},"20":{"loc":{"start":{"line":323,"column":4},"end":{"line":332,"column":null}},"type":"cond-expr","locations":[{"start":{"line":324,"column":8},"end":{"line":324,"column":null}},{"start":{"line":325,"column":8},"end":{"line":332,"column":null}}],"line":323},"21":{"loc":{"start":{"line":334,"column":4},"end":{"line":343,"column":null}},"type":"cond-expr","locations":[{"start":{"line":335,"column":8},"end":{"line":335,"column":null}},{"start":{"line":336,"column":8},"end":{"line":343,"column":null}}],"line":334},"22":{"loc":{"start":{"line":347,"column":2},"end":{"line":349,"column":null}},"type":"if","locations":[{"start":{"line":347,"column":2},"end":{"line":349,"column":null}},{"start":{},"end":{}}],"line":347},"23":{"loc":{"start":{"line":352,"column":19},"end":{"line":352,"column":null}},"type":"binary-expr","locations":[{"start":{"line":352,"column":19},"end":{"line":352,"column":48}},{"start":{"line":352,"column":48},"end":{"line":352,"column":null}}],"line":352},"24":{"loc":{"start":{"line":354,"column":2},"end":{"line":354,"column":null}},"type":"if","locations":[{"start":{"line":354,"column":2},"end":{"line":354,"column":null}},{"start":{},"end":{}}],"line":354},"25":{"loc":{"start":{"line":355,"column":2},"end":{"line":355,"column":null}},"type":"if","locations":[{"start":{"line":355,"column":2},"end":{"line":355,"column":null}},{"start":{},"end":{}}],"line":355},"26":{"loc":{"start":{"line":363,"column":2},"end":{"line":393,"column":null}},"type":"if","locations":[{"start":{"line":363,"column":2},"end":{"line":393,"column":null}},{"start":{},"end":{}}],"line":363},"27":{"loc":{"start":{"line":392,"column":8},"end":{"line":392,"column":77}},"type":"cond-expr","locations":[{"start":{"line":392,"column":38},"end":{"line":392,"column":59}},{"start":{"line":392,"column":59},"end":{"line":392,"column":77}}],"line":392},"28":{"loc":{"start":{"line":400,"column":47},"end":{"line":400,"column":null}},"type":"cond-expr","locations":[{"start":{"line":400,"column":58},"end":{"line":400,"column":72}},{"start":{"line":400,"column":72},"end":{"line":400,"column":null}}],"line":400}},"s":{"0":1,"1":1,"2":1,"3":0,"4":0,"5":0,"6":0,"7":0,"8":0,"9":0,"10":0,"11":0,"12":0,"13":0,"14":0,"15":0,"16":0,"17":0,"18":0,"19":0,"20":0,"21":0,"22":0,"23":0,"24":0,"25":0,"26":0,"27":0,"28":0,"29":0,"30":0,"31":0,"32":0,"33":0,"34":0,"35":0,"36":0,"37":0,"38":0,"39":0,"40":0,"41":0,"42":0,"43":0,"44":0,"45":0,"46":0,"47":0,"48":0,"49":0,"50":0,"51":0,"52":0,"53":0,"54":0,"55":0,"56":0,"57":0,"58":0,"59":0,"60":0,"61":0,"62":0,"63":0,"64":0,"65":0,"66":0,"67":0,"68":0},"f":{"0":0,"1":0,"2":0,"3":0,"4":0,"5":0},"b":{"0":[0,0],"1":[0,0],"2":[0,0],"3":[0,0],"4":[0,0],"5":[0,0],"6":[0,0],"7":[0,0],"8":[0,0],"9":[0,0],"10":[0,0],"11":[0,0],"12":[0,0],"13":[0,0],"14":[0,0],"15":[0,0],"16":[0,0],"17":[0,0],"18":[0,0],"19":[0,0],"20":[0,0],"21":[0,0],"22":[0,0],"23":[0,0],"24":[0,0],"25":[0,0],"26":[0,0],"27":[0,0],"28":[0,0]},"meta":{"lastBranch":29,"lastFunction":6,"lastStatement":69,"seen":{"s:36:46:36:Infinity":0,"s:62:43:62:Infinity":1,"s:137:22:137:Infinity":2,"f:154:15:154:34":0,"s:155:12:155:28":3,"b:156:2:156:Infinity:undefined:undefined:undefined:undefined":0,"s:156:2:156:Infinity":4,"s:156:13:156:Infinity":5,"s:157:13:157:Infinity":6,"b:157:13:157:42:157:46:157:Infinity":1,"s:158:18:158:Infinity":7,"s:159:21:159:Infinity":8,"b:159:44:159:49:159:49:159:Infinity":2,"s:164:14:164:48":9,"s:165:2:165:Infinity":10,"f:176:15:176:24":1,"s:177:53:177:55":11,"s:180:2:187:Infinity":12,"b:190:2:203:Infinity:undefined:undefined:undefined:undefined":3,"s:190:2:203:Infinity":13,"b:190:6:190:30:190:30:190:63":4,"s:191:4:194:Infinity":14,"s:195:4:203:Infinity":15,"s:196:6:203:Infinity":16,"s:207:2:207:Infinity":17,"s:209:15:220:4":18,"s:222:14:222:Infinity":19,"b:222:49:222:76:222:79:222:Infinity":5,"s:223:12:223:36":20,"s:224:38:224:Infinity":21,"s:225:15:225:Infinity":22,"b:226:2:240:Infinity:undefined:undefined:undefined:undefined":6,"s:226:2:240:Infinity":23,"s:227:4:240:Infinity":24,"s:228:21:228:37":25,"b:232:6:233:Infinity:undefined:undefined:undefined:undefined":7,"s:232:6:233:Infinity":26,"b:232:10:232:42:232:42:232:71":8,"s:233:8:233:Infinity":27,"b:235:6:238:Infinity:237:17:238:Infinity":9,"s:235:6:238:Infinity":28,"b:235:10:235:47:235:47:235:73":10,"s:236:8:236:Infinity":29,"b:237:17:238:Infinity:undefined:undefined:undefined:undefined":11,"s:237:17:238:Infinity":30,"s:238:8:238:Infinity":31,"s:245:2:251:Infinity":32,"b:248:17:248:45:248:45:248:Infinity":12,"b:249:18:249:57:249:57:249:Infinity":13,"b:250:18:250:47:250:47:250:Infinity":14,"f:254:9:254:Infinity":2,"s:260:8:261:Infinity":33,"s:262:2:262:Infinity":34,"f:265:22:265:Infinity":3,"s:268:16:268:Infinity":35,"b:268:16:268:31:268:31:268:Infinity":15,"s:269:17:273:4":36,"s:277:29:277:31":37,"s:278:2:298:Infinity":38,"s:279:4:279:Infinity":39,"b:280:4:284:Infinity:undefined:undefined:undefined:undefined":16,"s:280:4:284:Infinity":40,"s:283:19:283:57":41,"s:284:6:284:Infinity":42,"s:287:16:287:64":43,"b:287:39:287:53:287:53:287:64":17,"s:288:4:298:Infinity":44,"s:302:19:302:Infinity":45,"b:302:65:302:99:302:99:302:102":18,"s:304:35:320:4":46,"b:310:41:310:48:310:48:310:Infinity":19,"s:323:4:332:Infinity":47,"b:324:8:324:Infinity:325:8:332:Infinity":20,"s:334:4:343:Infinity":48,"b:335:8:335:Infinity:336:8:343:Infinity":21,"b:347:2:349:Infinity:undefined:undefined:undefined:undefined":22,"s:347:2:349:Infinity":49,"s:348:4:348:Infinity":50,"s:349:4:349:Infinity":51,"s:352:19:352:Infinity":52,"b:352:19:352:48:352:48:352:Infinity":23,"s:353:28:353:30":53,"b:354:2:354:Infinity:undefined:undefined:undefined:undefined":24,"s:354:2:354:Infinity":54,"s:354:32:354:Infinity":55,"b:355:2:355:Infinity:undefined:undefined:undefined:undefined":25,"s:355:2:355:Infinity":56,"s:355:34:355:Infinity":57,"s:357:18:357:85":58,"s:358:20:358:93":59,"s:359:21:359:Infinity":60,"b:363:2:393:Infinity:undefined:undefined:undefined:undefined":26,"s:363:2:393:Infinity":61,"s:364:4:393:Infinity":62,"s:365:6:388:Infinity":63,"s:390:6:393:Infinity":64,"b:392:38:392:59:392:59:392:77":27,"s:400:47:400:Infinity":65,"b:400:58:400:72:400:72:400:Infinity":28,"s:402:2:421:Infinity":66,"f:429:16:429:Infinity":4,"s:432:2:438:Infinity":67,"f:435:29:435:34":5,"s:435:40:435:70":68}}}
,"C:\\Users\\zihao\\Desktop\\ff-brand-studio\\apps\\mcp-server\\src\\compliance\\shopify_scorer.ts": {"path":"C:\\Users\\zihao\\Desktop\\ff-brand-studio\\apps\\mcp-server\\src\\compliance\\shopify_scorer.ts","statementMap":{"0":{"start":{"line":20,"column":27},"end":{"line":20,"column":29}},"1":{"start":{"line":21,"column":32},"end":{"line":21,"column":34}},"2":{"start":{"line":22,"column":43},"end":{"line":22,"column":45}},"3":{"start":{"line":24,"column":19},"end":{"line":28,"column":13}},"4":{"start":{"line":29,"column":2},"end":{"line":35,"column":null}},"5":{"start":{"line":30,"column":4},"end":{"line":35,"column":null}},"6":{"start":{"line":37,"column":12},"end":{"line":37,"column":null}},"7":{"start":{"line":38,"column":2},"end":{"line":38,"column":null}},"8":{"start":{"line":39,"column":2},"end":{"line":39,"column":null}},"9":{"start":{"line":41,"column":2},"end":{"line":47,"column":null}},"10":{"start":{"line":42,"column":4},"end":{"line":47,"column":null}},"11":{"start":{"line":50,"column":18},"end":{"line":56,"column":13}},"12":{"start":{"line":57,"column":2},"end":{"line":63,"column":null}},"13":{"start":{"line":58,"column":4},"end":{"line":63,"column":null}},"14":{"start":{"line":65,"column":15},"end":{"line":65,"column":null}},"15":{"start":{"line":67,"column":2},"end":{"line":67,"column":null}},"16":{"start":{"line":68,"column":2},"end":{"line":68,"column":null}},"17":{"start":{"line":69,"column":2},"end":{"line":70,"column":null}},"18":{"start":{"line":70,"column":4},"end":{"line":70,"column":null}},"19":{"start":{"line":72,"column":2},"end":{"line":73,"column":null}},"20":{"start":{"line":73,"column":4},"end":{"line":73,"column":null}},"21":{"start":{"line":75,"column":2},"end":{"line":76,"column":null}},"22":{"start":{"line":76,"column":4},"end":{"line":76,"column":null}},"23":{"start":{"line":79,"column":2},"end":{"line":79,"column":null}},"24":{"start":{"line":80,"column":2},"end":{"line":88,"column":null}},"25":{"start":{"line":86,"column":4},"end":{"line":88,"column":null}},"26":{"start":{"line":92,"column":2},"end":{"line":96,"column":null}},"27":{"start":{"line":93,"column":4},"end":{"line":96,"column":null}},"28":{"start":{"line":99,"column":2},"end":{"line":102,"column":null}},"29":{"start":{"line":100,"column":4},"end":{"line":102,"column":null}},"30":{"start":{"line":106,"column":4},"end":{"line":106,"column":null}},"31":{"start":{"line":108,"column":2},"end":{"line":108,"column":null}}},"fnMap":{"0":{"name":"scoreShopifyCompliance","decl":{"start":{"line":16,"column":22},"end":{"line":16,"column":null}},"loc":{"start":{"line":19,"column":41},"end":{"line":108,"column":null}},"line":19}},"branchMap":{"0":{"loc":{"start":{"line":29,"column":2},"end":{"line":35,"column":null}},"type":"if","locations":[{"start":{"line":29,"column":2},"end":{"line":35,"column":null}},{"start":{},"end":{}}],"line":29},"1":{"loc":{"start":{"line":41,"column":2},"end":{"line":47,"column":null}},"type":"if","locations":[{"start":{"line":41,"column":2},"end":{"line":47,"column":null}},{"start":{},"end":{}}],"line":41},"2":{"loc":{"start":{"line":57,"column":2},"end":{"line":63,"column":null}},"type":"if","locations":[{"start":{"line":57,"column":2},"end":{"line":63,"column":null}},{"start":{},"end":{}}],"line":57},"3":{"loc":{"start":{"line":69,"column":2},"end":{"line":70,"column":null}},"type":"if","locations":[{"start":{"line":69,"column":2},"end":{"line":70,"column":null}},{"start":{},"end":{}}],"line":69},"4":{"loc":{"start":{"line":69,"column":6},"end":{"line":69,"column":68}},"type":"binary-expr","locations":[{"start":{"line":69,"column":6},"end":{"line":69,"column":23}},{"start":{"line":69,"column":23},"end":{"line":69,"column":43}},{"start":{"line":69,"column":43},"end":{"line":69,"column":68}}],"line":69},"5":{"loc":{"start":{"line":72,"column":2},"end":{"line":73,"column":null}},"type":"if","locations":[{"start":{"line":72,"column":2},"end":{"line":73,"column":null}},{"start":{},"end":{}}],"line":72},"6":{"loc":{"start":{"line":72,"column":6},"end":{"line":72,"column":72}},"type":"binary-expr","locations":[{"start":{"line":72,"column":6},"end":{"line":72,"column":24}},{"start":{"line":72,"column":24},"end":{"line":72,"column":45}},{"start":{"line":72,"column":45},"end":{"line":72,"column":72}}],"line":72},"7":{"loc":{"start":{"line":75,"column":2},"end":{"line":76,"column":null}},"type":"if","locations":[{"start":{"line":75,"column":2},"end":{"line":76,"column":null}},{"start":{},"end":{}}],"line":75},"8":{"loc":{"start":{"line":75,"column":6},"end":{"line":75,"column":68}},"type":"binary-expr","locations":[{"start":{"line":75,"column":6},"end":{"line":75,"column":23}},{"start":{"line":75,"column":23},"end":{"line":75,"column":43}},{"start":{"line":75,"column":43},"end":{"line":75,"column":68}}],"line":75},"9":{"loc":{"start":{"line":80,"column":2},"end":{"line":88,"column":null}},"type":"if","locations":[{"start":{"line":80,"column":2},"end":{"line":88,"column":null}},{"start":{},"end":{}}],"line":80},"10":{"loc":{"start":{"line":81,"column":4},"end":{"line":84,"column":44}},"type":"binary-expr","locations":[{"start":{"line":81,"column":4},"end":{"line":81,"column":null}},{"start":{"line":82,"column":4},"end":{"line":82,"column":null}},{"start":{"line":83,"column":4},"end":{"line":83,"column":null}},{"start":{"line":84,"column":4},"end":{"line":84,"column":44}}],"line":81},"11":{"loc":{"start":{"line":92,"column":2},"end":{"line":96,"column":null}},"type":"if","locations":[{"start":{"line":92,"column":2},"end":{"line":96,"column":null}},{"start":{},"end":{}}],"line":92},"12":{"loc":{"start":{"line":92,"column":6},"end":{"line":92,"column":64}},"type":"binary-expr","locations":[{"start":{"line":92,"column":6},"end":{"line":92,"column":34}},{"start":{"line":92,"column":34},"end":{"line":92,"column":64}}],"line":92},"13":{"loc":{"start":{"line":99,"column":2},"end":{"line":102,"column":null}},"type":"if","locations":[{"start":{"line":99,"column":2},"end":{"line":102,"column":null}},{"start":{},"end":{}}],"line":99},"14":{"loc":{"start":{"line":99,"column":6},"end":{"line":99,"column":51}},"type":"binary-expr","locations":[{"start":{"line":99,"column":6},"end":{"line":99,"column":27}},{"start":{"line":99,"column":27},"end":{"line":99,"column":51}}],"line":99},"15":{"loc":{"start":{"line":106,"column":4},"end":{"line":106,"column":null}},"type":"cond-expr","locations":[{"start":{"line":106,"column":26},"end":{"line":106,"column":40}},{"start":{"line":106,"column":40},"end":{"line":106,"column":null}}],"line":106},"16":{"loc":{"start":{"line":106,"column":40},"end":{"line":106,"column":null}},"type":"cond-expr","locations":[{"start":{"line":106,"column":61},"end":{"line":106,"column":70}},{"start":{"line":106,"column":70},"end":{"line":106,"column":null}}],"line":106}},"s":{"0":0,"1":0,"2":0,"3":0,"4":0,"5":0,"6":0,"7":0,"8":0,"9":0,"10":0,"11":0,"12":0,"13":0,"14":0,"15":0,"16":0,"17":0,"18":0,"19":0,"20":0,"21":0,"22":0,"23":0,"24":0,"25":0,"26":0,"27":0,"28":0,"29":0,"30":0,"31":0},"f":{"0":0},"b":{"0":[0,0],"1":[0,0],"2":[0,0],"3":[0,0],"4":[0,0,0],"5":[0,0],"6":[0,0,0],"7":[0,0],"8":[0,0,0],"9":[0,0],"10":[0,0,0,0],"11":[0,0],"12":[0,0],"13":[0,0],"14":[0,0],"15":[0,0],"16":[0,0]},"meta":{"lastBranch":17,"lastFunction":1,"lastStatement":32,"seen":{"f:16:22:16:Infinity":0,"s:20:27:20:29":0,"s:21:32:21:34":1,"s:22:43:22:45":2,"s:24:19:28:13":3,"b:29:2:35:Infinity:undefined:undefined:undefined:undefined":0,"s:29:2:35:Infinity":4,"s:30:4:35:Infinity":5,"s:37:12:37:Infinity":6,"s:38:2:38:Infinity":7,"s:39:2:39:Infinity":8,"b:41:2:47:Infinity:undefined:undefined:undefined:undefined":1,"s:41:2:47:Infinity":9,"s:42:4:47:Infinity":10,"s:50:18:56:13":11,"b:57:2:63:Infinity:undefined:undefined:undefined:undefined":2,"s:57:2:63:Infinity":12,"s:58:4:63:Infinity":13,"s:65:15:65:Infinity":14,"s:67:2:67:Infinity":15,"s:68:2:68:Infinity":16,"b:69:2:70:Infinity:undefined:undefined:undefined:undefined":3,"s:69:2:70:Infinity":17,"b:69:6:69:23:69:23:69:43:69:43:69:68":4,"s:70:4:70:Infinity":18,"b:72:2:73:Infinity:undefined:undefined:undefined:undefined":5,"s:72:2:73:Infinity":19,"b:72:6:72:24:72:24:72:45:72:45:72:72":6,"s:73:4:73:Infinity":20,"b:75:2:76:Infinity:undefined:undefined:undefined:undefined":7,"s:75:2:76:Infinity":21,"b:75:6:75:23:75:23:75:43:75:43:75:68":8,"s:76:4:76:Infinity":22,"s:79:2:79:Infinity":23,"b:80:2:88:Infinity:undefined:undefined:undefined:undefined":9,"s:80:2:88:Infinity":24,"b:81:4:81:Infinity:82:4:82:Infinity:83:4:83:Infinity:84:4:84:44":10,"s:86:4:88:Infinity":25,"b:92:2:96:Infinity:undefined:undefined:undefined:undefined":11,"s:92:2:96:Infinity":26,"b:92:6:92:34:92:34:92:64":12,"s:93:4:96:Infinity":27,"b:99:2:102:Infinity:undefined:undefined:undefined:undefined":13,"s:99:2:102:Infinity":28,"b:99:6:99:27:99:27:99:51":14,"s:100:4:102:Infinity":29,"s:106:4:106:Infinity":30,"b:106:26:106:40:106:40:106:Infinity":15,"b:106:61:106:70:106:70:106:Infinity":16,"s:108:2:108:Infinity":31}}}
,"C:\\Users\\zihao\\Desktop\\ff-brand-studio\\apps\\mcp-server\\src\\compliance\\us_ad_flagger.ts": {"path":"C:\\Users\\zihao\\Desktop\\ff-brand-studio\\apps\\mcp-server\\src\\compliance\\us_ad_flagger.ts","statementMap":{"0":{"start":{"line":17,"column":36},"end":{"line":24,"column":null}},"1":{"start":{"line":26,"column":29},"end":{"line":31,"column":null}},"2":{"start":{"line":33,"column":32},"end":{"line":38,"column":null}},"3":{"start":{"line":46,"column":35},"end":{"line":46,"column":37}},"4":{"start":{"line":47,"column":2},"end":{"line":55,"column":null}},"5":{"start":{"line":48,"column":18},"end":{"line":48,"column":37}},"6":{"start":{"line":49,"column":4},"end":{"line":55,"column":null}},"7":{"start":{"line":50,"column":6},"end":{"line":55,"column":null}},"8":{"start":{"line":58,"column":2},"end":{"line":58,"column":null}},"9":{"start":{"line":62,"column":2},"end":{"line":66,"column":null}},"10":{"start":{"line":70,"column":43},"end":{"line":70,"column":null}}},"fnMap":{"0":{"name":"findFlags","decl":{"start":{"line":40,"column":9},"end":{"line":40,"column":null}},"loc":{"start":{"line":45,"column":19},"end":{"line":58,"column":null}},"line":45},"1":{"name":"flagUsAdContent","decl":{"start":{"line":61,"column":16},"end":{"line":61,"column":32}},"loc":{"start":{"line":61,"column":63},"end":{"line":66,"column":null}},"line":61}},"branchMap":{"0":{"loc":{"start":{"line":49,"column":4},"end":{"line":55,"column":null}},"type":"if","locations":[{"start":{"line":49,"column":4},"end":{"line":55,"column":null}},{"start":{},"end":{}}],"line":49}},"s":{"0":1,"1":1,"2":1,"3":24,"4":24,"5":112,"6":112,"7":10,"8":24,"9":8,"10":1},"f":{"0":24,"1":8},"b":{"0":[10,102]},"meta":{"lastBranch":1,"lastFunction":2,"lastStatement":11,"seen":{"s:17:36:24:Infinity":0,"s:26:29:31:Infinity":1,"s:33:32:38:Infinity":2,"f:40:9:40:Infinity":0,"s:46:35:46:37":3,"s:47:2:55:Infinity":4,"s:48:18:48:37":5,"b:49:4:55:Infinity:undefined:undefined:undefined:undefined":0,"s:49:4:55:Infinity":6,"s:50:6:55:Infinity":7,"s:58:2:58:Infinity":8,"f:61:16:61:32":1,"s:62:2:66:Infinity":9,"s:70:43:70:Infinity":10}}}
,"C:\\Users\\zihao\\Desktop\\ff-brand-studio\\apps\\mcp-server\\src\\compliance\\vision_scorer.ts": {"path":"C:\\Users\\zihao\\Desktop\\ff-brand-studio\\apps\\mcp-server\\src\\compliance\\vision_scorer.ts","statementMap":{"0":{"start":{"line":24,"column":50},"end":{"line":24,"column":null}},"1":{"start":{"line":60,"column":17},"end":{"line":60,"column":57}},"2":{"start":{"line":61,"column":16},"end":{"line":61,"column":null}},"3":{"start":{"line":64,"column":4},"end":{"line":66,"column":null}},"4":{"start":{"line":69,"column":2},"end":{"line":116,"column":null}},"5":{"start":{"line":71,"column":20},"end":{"line":71,"column":48}},"6":{"start":{"line":72,"column":4},"end":{"line":73,"column":null}},"7":{"start":{"line":73,"column":6},"end":{"line":73,"column":null}},"8":{"start":{"line":75,"column":24},"end":{"line":75,"column":null}},"9":{"start":{"line":76,"column":25},"end":{"line":76,"column":null}},"10":{"start":{"line":78,"column":6},"end":{"line":78,"column":null}},"11":{"start":{"line":80,"column":16},"end":{"line":80,"column":56}},"12":{"start":{"line":81,"column":19},"end":{"line":81,"column":41}},"13":{"start":{"line":83,"column":4},"end":{"line":105,"column":null}},"14":{"start":{"line":107,"column":16},"end":{"line":107,"column":64}},"15":{"start":{"line":108,"column":4},"end":{"line":116,"column":null}},"16":{"start":{"line":119,"column":14},"end":{"line":119,"column":null}},"17":{"start":{"line":121,"column":77},"end":{"line":121,"column":79}},"18":{"start":{"line":122,"column":20},"end":{"line":122,"column":44}},"19":{"start":{"line":123,"column":2},"end":{"line":126,"column":null}},"20":{"start":{"line":124,"column":4},"end":{"line":126,"column":null}},"21":{"start":{"line":125,"column":6},"end":{"line":125,"column":null}},"22":{"start":{"line":131,"column":20},"end":{"line":131,"column":65}},"23":{"start":{"line":133,"column":4},"end":{"line":135,"column":null}},"24":{"start":{"line":138,"column":17},"end":{"line":140,"column":8}},"25":{"start":{"line":139,"column":56},"end":{"line":139,"column":78}},"26":{"start":{"line":141,"column":22},"end":{"line":143,"column":8}},"27":{"start":{"line":142,"column":61},"end":{"line":142,"column":83}},"28":{"start":{"line":148,"column":22},"end":{"line":148,"column":null}},"29":{"start":{"line":149,"column":23},"end":{"line":149,"column":null}},"30":{"start":{"line":150,"column":23},"end":{"line":150,"column":null}},"31":{"start":{"line":151,"column":8},"end":{"line":155,"column":null}},"32":{"start":{"line":156,"column":21},"end":{"line":156,"column":null}},"33":{"start":{"line":158,"column":2},"end":{"line":169,"column":null}}},"fnMap":{"0":{"name":"visionScoreAmazonMain","decl":{"start":{"line":57,"column":22},"end":{"line":57,"column":null}},"loc":{"start":{"line":59,"column":66},"end":{"line":169,"column":null}},"line":59},"1":{"name":"(anonymous_1)","decl":{"start":{"line":139,"column":20},"end":{"line":139,"column":28}},"loc":{"start":{"line":139,"column":56},"end":{"line":139,"column":78}},"line":139},"2":{"name":"(anonymous_2)","decl":{"start":{"line":142,"column":25},"end":{"line":142,"column":33}},"loc":{"start":{"line":142,"column":61},"end":{"line":142,"column":83}},"line":142}},"branchMap":{"0":{"loc":{"start":{"line":61,"column":16},"end":{"line":61,"column":null}},"type":"binary-expr","locations":[{"start":{"line":61,"column":16},"end":{"line":61,"column":31}},{"start":{"line":61,"column":31},"end":{"line":61,"column":null}}],"line":61},"1":{"loc":{"start":{"line":65,"column":5},"end":{"line":65,"column":null}},"type":"cond-expr","locations":[{"start":{"line":65,"column":22},"end":{"line":65,"column":64}},{"start":{"line":65,"column":64},"end":{"line":65,"column":null}}],"line":65},"2":{"loc":{"start":{"line":72,"column":4},"end":{"line":73,"column":null}},"type":"if","locations":[{"start":{"line":72,"column":4},"end":{"line":73,"column":null}},{"start":{},"end":{}}],"line":72},"3":{"loc":{"start":{"line":75,"column":24},"end":{"line":75,"column":null}},"type":"binary-expr","locations":[{"start":{"line":75,"column":24},"end":{"line":75,"column":59}},{"start":{"line":75,"column":63},"end":{"line":75,"column":null}}],"line":75},"4":{"loc":{"start":{"line":78,"column":6},"end":{"line":78,"column":null}},"type":"cond-expr","locations":[{"start":{"line":78,"column":43},"end":{"line":78,"column":57}},{"start":{"line":78,"column":57},"end":{"line":78,"column":null}}],"line":78},"5":{"loc":{"start":{"line":107,"column":16},"end":{"line":107,"column":64}},"type":"cond-expr","locations":[{"start":{"line":107,"column":39},"end":{"line":107,"column":53}},{"start":{"line":107,"column":53},"end":{"line":107,"column":64}}],"line":107},"6":{"loc":{"start":{"line":119,"column":14},"end":{"line":119,"column":null}},"type":"cond-expr","locations":[{"start":{"line":119,"column":49},"end":{"line":119,"column":76}},{"start":{"line":119,"column":79},"end":{"line":119,"column":null}}],"line":119},"7":{"loc":{"start":{"line":123,"column":2},"end":{"line":126,"column":null}},"type":"if","locations":[{"start":{"line":123,"column":2},"end":{"line":126,"column":null}},{"start":{},"end":{}}],"line":123},"8":{"loc":{"start":{"line":131,"column":27},"end":{"line":131,"column":51}},"type":"binary-expr","locations":[{"start":{"line":131,"column":27},"end":{"line":131,"column":44}},{"start":{"line":131,"column":44},"end":{"line":131,"column":51}}],"line":131},"9":{"loc":{"start":{"line":133,"column":4},"end":{"line":135,"column":null}},"type":"cond-expr","locations":[{"start":{"line":134,"column":8},"end":{"line":134,"column":null}},{"start":{"line":135,"column":8},"end":{"line":135,"column":null}}],"line":133},"10":{"loc":{"start":{"line":138,"column":17},"end":{"line":140,"column":8}},"type":"cond-expr","locations":[{"start":{"line":139,"column":6},"end":{"line":139,"column":78}},{"start":{"line":140,"column":6},"end":{"line":140,"column":8}}],"line":138},"11":{"loc":{"start":{"line":141,"column":22},"end":{"line":143,"column":8}},"type":"cond-expr","locations":[{"start":{"line":142,"column":6},"end":{"line":142,"column":83}},{"start":{"line":143,"column":6},"end":{"line":143,"column":8}}],"line":141},"12":{"loc":{"start":{"line":148,"column":22},"end":{"line":148,"column":null}},"type":"binary-expr","locations":[{"start":{"line":148,"column":22},"end":{"line":148,"column":50}},{"start":{"line":148,"column":50},"end":{"line":148,"column":null}}],"line":148},"13":{"loc":{"start":{"line":149,"column":23},"end":{"line":149,"column":null}},"type":"binary-expr","locations":[{"start":{"line":149,"column":23},"end":{"line":149,"column":62}},{"start":{"line":149,"column":62},"end":{"line":149,"column":null}}],"line":149},"14":{"loc":{"start":{"line":150,"column":23},"end":{"line":150,"column":null}},"type":"binary-expr","locations":[{"start":{"line":150,"column":23},"end":{"line":150,"column":52}},{"start":{"line":150,"column":52},"end":{"line":150,"column":null}}],"line":150}},"s":{"0":1,"1":3,"2":3,"3":3,"4":3,"5":3,"6":3,"7":1,"8":2,"9":3,"10":3,"11":3,"12":2,"13":2,"14":1,"15":1,"16":2,"17":3,"18":3,"19":3,"20":2,"21":2,"22":2,"23":3,"24":3,"25":0,"26":3,"27":0,"28":3,"29":3,"30":3,"31":3,"32":3,"33":3},"f":{"0":3,"1":0,"2":0},"b":{"0":[3,3],"1":[0,3],"2":[1,2],"3":[2,0],"4":[2,0],"5":[1,0],"6":[2,0],"7":[2,1],"8":[2,0],"9":[2,0],"10":[2,0],"11":[2,0],"12":[3,0],"13":[3,0],"14":[3,0]},"meta":{"lastBranch":15,"lastFunction":3,"lastStatement":34,"seen":{"s:24:50:24:Infinity":0,"f:57:22:57:Infinity":0,"s:60:17:60:57":1,"s:61:16:61:Infinity":2,"b:61:16:61:31:61:31:61:Infinity":0,"s:64:4:66:Infinity":3,"b:65:22:65:64:65:64:65:Infinity":1,"s:69:2:116:Infinity":4,"s:71:20:71:48":5,"b:72:4:73:Infinity:undefined:undefined:undefined:undefined":2,"s:72:4:73:Infinity":6,"s:73:6:73:Infinity":7,"s:75:24:75:Infinity":8,"b:75:24:75:59:75:63:75:Infinity":3,"s:76:25:76:Infinity":9,"s:78:6:78:Infinity":10,"b:78:43:78:57:78:57:78:Infinity":4,"s:80:16:80:56":11,"s:81:19:81:41":12,"s:83:4:105:Infinity":13,"s:107:16:107:64":14,"b:107:39:107:53:107:53:107:64":5,"s:108:4:116:Infinity":15,"s:119:14:119:Infinity":16,"b:119:49:119:76:119:79:119:Infinity":6,"s:121:77:121:79":17,"s:122:20:122:44":18,"b:123:2:126:Infinity:undefined:undefined:undefined:undefined":7,"s:123:2:126:Infinity":19,"s:124:4:126:Infinity":20,"s:125:6:125:Infinity":21,"s:131:20:131:65":22,"b:131:27:131:44:131:44:131:51":8,"s:133:4:135:Infinity":23,"b:134:8:134:Infinity:135:8:135:Infinity":9,"s:138:17:140:8":24,"b:139:6:139:78:140:6:140:8":10,"f:139:20:139:28":1,"s:139:56:139:78":25,"s:141:22:143:8":26,"b:142:6:142:83:143:6:143:8":11,"f:142:25:142:33":2,"s:142:61:142:83":27,"s:148:22:148:Infinity":28,"b:148:22:148:50:148:50:148:Infinity":12,"s:149:23:149:Infinity":29,"b:149:23:149:62:149:62:149:Infinity":13,"s:150:23:150:Infinity":30,"b:150:23:150:52:150:52:150:Infinity":14,"s:151:8:155:Infinity":31,"s:156:21:156:Infinity":32,"s:158:2:169:Infinity":33}}}
,"C:\\Users\\zihao\\Desktop\\ff-brand-studio\\apps\\mcp-server\\src\\db\\schema.ts": {"path":"C:\\Users\\zihao\\Desktop\\ff-brand-studio\\apps\\mcp-server\\src\\db\\schema.ts","statementMap":{"0":{"start":{"line":18,"column":13},"end":{"line":32,"column":null}},"1":{"start":{"line":30,"column":10},"end":{"line":31,"column":null}},"2":{"start":{"line":35,"column":13},"end":{"line":55,"column":null}},"3":{"start":{"line":39,"column":59},"end":{"line":39,"column":70}},"4":{"start":{"line":49,"column":10},"end":{"line":54,"column":null}},"5":{"start":{"line":58,"column":13},"end":{"line":69,"column":2}},"6":{"start":{"line":60,"column":57},"end":{"line":60,"column":68}},"7":{"start":{"line":78,"column":13},"end":{"line":87,"column":2}},"8":{"start":{"line":80,"column":57},"end":{"line":80,"column":68}},"9":{"start":{"line":89,"column":13},"end":{"line":124,"column":null}},"10":{"start":{"line":93,"column":59},"end":{"line":93,"column":70}},"11":{"start":{"line":96,"column":24},"end":{"line":96,"column":43}},"12":{"start":{"line":118,"column":10},"end":{"line":123,"column":null}},"13":{"start":{"line":127,"column":13},"end":{"line":137,"column":2}},"14":{"start":{"line":129,"column":57},"end":{"line":129,"column":68}},"15":{"start":{"line":132,"column":22},"end":{"line":132,"column":35}},"16":{"start":{"line":139,"column":13},"end":{"line":148,"column":2}},"17":{"start":{"line":141,"column":57},"end":{"line":141,"column":68}},"18":{"start":{"line":144,"column":22},"end":{"line":144,"column":35}},"19":{"start":{"line":153,"column":13},"end":{"line":166,"column":2}},"20":{"start":{"line":155,"column":57},"end":{"line":155,"column":68}},"21":{"start":{"line":168,"column":13},"end":{"line":203,"column":null}},"22":{"start":{"line":172,"column":59},"end":{"line":172,"column":70}},"23":{"start":{"line":175,"column":24},"end":{"line":175,"column":44}},"24":{"start":{"line":195,"column":10},"end":{"line":202,"column":null}},"25":{"start":{"line":206,"column":13},"end":{"line":227,"column":null}},"26":{"start":{"line":225,"column":10},"end":{"line":226,"column":null}},"27":{"start":{"line":230,"column":13},"end":{"line":257,"column":null}},"28":{"start":{"line":234,"column":59},"end":{"line":234,"column":70}},"29":{"start":{"line":237,"column":24},"end":{"line":237,"column":37}},"30":{"start":{"line":251,"column":10},"end":{"line":256,"column":null}},"31":{"start":{"line":263,"column":13},"end":{"line":279,"column":null}},"32":{"start":{"line":267,"column":59},"end":{"line":267,"column":70}},"33":{"start":{"line":274,"column":10},"end":{"line":278,"column":null}},"34":{"start":{"line":301,"column":13},"end":{"line":330,"column":null}},"35":{"start":{"line":305,"column":59},"end":{"line":305,"column":70}},"36":{"start":{"line":308,"column":24},"end":{"line":308,"column":44}},"37":{"start":{"line":323,"column":10},"end":{"line":330,"column":null}},"38":{"start":{"line":333,"column":13},"end":{"line":360,"column":null}},"39":{"start":{"line":339,"column":24},"end":{"line":339,"column":45}},"40":{"start":{"line":340,"column":59},"end":{"line":340,"column":70}},"41":{"start":{"line":355,"column":10},"end":{"line":359,"column":null}},"42":{"start":{"line":367,"column":13},"end":{"line":394,"column":null}},"43":{"start":{"line":371,"column":59},"end":{"line":371,"column":70}},"44":{"start":{"line":374,"column":24},"end":{"line":374,"column":43}},"45":{"start":{"line":384,"column":10},"end":{"line":394,"column":null}},"46":{"start":{"line":397,"column":13},"end":{"line":411,"column":null}},"47":{"start":{"line":401,"column":59},"end":{"line":401,"column":70}},"48":{"start":{"line":409,"column":10},"end":{"line":410,"column":null}},"49":{"start":{"line":414,"column":13},"end":{"line":430,"column":null}},"50":{"start":{"line":418,"column":59},"end":{"line":418,"column":70}},"51":{"start":{"line":427,"column":10},"end":{"line":430,"column":null}},"52":{"start":{"line":436,"column":13},"end":{"line":449,"column":null}},"53":{"start":{"line":440,"column":59},"end":{"line":440,"column":70}},"54":{"start":{"line":447,"column":10},"end":{"line":448,"column":null}},"55":{"start":{"line":452,"column":13},"end":{"line":470,"column":null}},"56":{"start":{"line":458,"column":24},"end":{"line":458,"column":49}},"57":{"start":{"line":468,"column":10},"end":{"line":469,"column":null}},"58":{"start":{"line":476,"column":13},"end":{"line":491,"column":null}},"59":{"start":{"line":480,"column":59},"end":{"line":480,"column":70}},"60":{"start":{"line":488,"column":10},"end":{"line":491,"column":null}},"61":{"start":{"line":506,"column":13},"end":{"line":514,"column":2}},"62":{"start":{"line":516,"column":13},"end":{"line":531,"column":null}},"63":{"start":{"line":522,"column":24},"end":{"line":522,"column":39}},"64":{"start":{"line":523,"column":59},"end":{"line":523,"column":70}},"65":{"start":{"line":526,"column":10},"end":{"line":530,"column":null}},"66":{"start":{"line":544,"column":32},"end":{"line":544,"column":null}}},"fnMap":{"0":{"name":"(anonymous_0)","decl":{"start":{"line":29,"column":3},"end":{"line":29,"column":null}},"loc":{"start":{"line":30,"column":10},"end":{"line":31,"column":null}},"line":30},"1":{"name":"(anonymous_1)","decl":{"start":{"line":39,"column":42},"end":{"line":39,"column":59}},"loc":{"start":{"line":39,"column":59},"end":{"line":39,"column":70}},"line":39},"2":{"name":"(anonymous_2)","decl":{"start":{"line":48,"column":3},"end":{"line":48,"column":null}},"loc":{"start":{"line":49,"column":10},"end":{"line":54,"column":null}},"line":49},"3":{"name":"(anonymous_3)","decl":{"start":{"line":60,"column":40},"end":{"line":60,"column":57}},"loc":{"start":{"line":60,"column":57},"end":{"line":60,"column":68}},"line":60},"4":{"name":"(anonymous_4)","decl":{"start":{"line":80,"column":40},"end":{"line":80,"column":57}},"loc":{"start":{"line":80,"column":57},"end":{"line":80,"column":68}},"line":80},"5":{"name":"(anonymous_5)","decl":{"start":{"line":93,"column":42},"end":{"li
[...]
ne":81,"column":2},"end":{"line":84,"column":null}},"10":{"start":{"line":82,"column":10},"end":{"line":82,"column":56}},"11":{"start":{"line":83,"column":4},"end":{"line":84,"column":null}},"12":{"start":{"line":84,"column":6},"end":{"line":84,"column":null}},"13":{"start":{"line":88,"column":58},"end":{"line":88,"column":60}},"14":{"start":{"line":89,"column":2},"end":{"line":91,"column":null}},"15":{"start":{"line":90,"column":4},"end":{"line":91,"column":null}},"16":{"start":{"line":91,"column":6},"end":{"line":91,"column":null}},"17":{"start":{"line":94,"column":2},"end":{"line":95,"column":null}},"18":{"start":{"line":95,"column":4},"end":{"line":95,"column":null}},"19":{"start":{"line":98,"column":2},"end":{"line":106,"column":null}},"20":{"start":{"line":116,"column":37},"end":{"line":116,"column":null}}},"fnMap":{"0":{"name":"planSkuLaunch","decl":{"start":{"line":60,"column":16},"end":{"line":60,"column":30}},"loc":{"start":{"line":60,"column":61},"end":{"line":106,"column":null}},"line":60},"1":{"name":"(anonymous_1)","decl":{"start":{"line":65,"column":58},"end":{"line":65,"column":61}},"loc":{"start":{"line":65,"column":71},"end":{"line":69,"column":5}},"line":65}},"branchMap":{"0":{"loc":{"start":{"line":64,"column":4},"end":{"line":64,"column":null}},"type":"binary-expr","locations":[{"start":{"line":64,"column":4},"end":{"line":64,"column":53}},{"start":{"line":64,"column":53},"end":{"line":64,"column":null}}],"line":64},"1":{"loc":{"start":{"line":68,"column":13},"end":{"line":68,"column":null}},"type":"cond-expr","locations":[{"start":{"line":68,"column":23},"end":{"line":68,"column":31}},{"start":{"line":68,"column":31},"end":{"line":68,"column":null}}],"line":68},"2":{"loc":{"start":{"line":71,"column":21},"end":{"line":71,"column":null}},"type":"binary-expr","locations":[{"start":{"line":71,"column":21},"end":{"line":71,"column":46}},{"start":{"line":71,"column":46},"end":{"line":71,"column":null}}],"line":71},"3":{"loc":{"start":{"line":74,"column":4},"end":{"line":74,"column":null}},"type":"binary-expr","locations":[{"start":{"line":74,"column":4},"end":{"line":74,"column":21}},{"start":{"line":74,"column":21},"end":{"line":74,"column":45}},{"start":{"line":74,"column":45},"end":{"line":74,"column":null}}],"line":74},"4":{"loc":{"start":{"line":81,"column":2},"end":{"line":84,"column":null}},"type":"if","locations":[{"start":{"line":81,"column":2},"end":{"line":84,"column":null}},{"start":{},"end":{}}],"line":81},"5":{"loc":{"start":{"line":82,"column":20},"end":{"line":82,"column":43}},"type":"binary-expr","locations":[{"start":{"line":82,"column":20},"end":{"line":82,"column":41}},{"start":{"line":82,"column":41},"end":{"line":82,"column":43}}],"line":82},"6":{"loc":{"start":{"line":94,"column":2},"end":{"line":95,"column":null}},"type":"if","locations":[{"start":{"line":94,"column":2},"end":{"line":95,"column":null}},{"start":{},"end":{}}],"line":94},"7":{"loc":{"start":{"line":94,"column":6},"end":{"line":94,"column":51}},"type":"binary-expr","locations":[{"start":{"line":94,"column":6},"end":{"line":94,"column":23}},{"start":{"line":94,"column":23},"end":{"line":94,"column":51}}],"line":94}},"s":{"0":1,"1":1,"2":9,"3":9,"4":9,"5":23,"6":9,"7":9,"8":9,"9":9,"10":2,"11":2,"12":8,"13":9,"14":9,"15":11,"16":53,"17":9,"18":2,"19":9,"20":1},"f":{"0":9,"1":23},"b":{"0":[9,0],"1":[9,14],"2":[9,1],"3":[9,4,3],"4":[2,7],"5":[2,0],"6":[2,7],"7":[9,2]},"meta":{"lastBranch":8,"lastFunction":2,"lastStatement":21,"seen":{"s:40:60:47:Infinity":0,"s:49:56:58:Infinity":1,"f:60:16:60:30":0,"s:61:87:61:Infinity":2,"s:64:4:64:Infinity":3,"b:64:4:64:53:64:53:64:Infinity":0,"s:65:21:69:5":4,"f:65:58:65:61":1,"s:65:71:69:5":5,"b:68:23:68:31:68:31:68:Infinity":1,"s:71:21:71:Infinity":6,"b:71:21:71:46:71:46:71:Infinity":2,"s:74:4:74:Infinity":7,"b:74:4:74:21:74:21:74:45:74:45:74:Infinity":3,"s:80:44:80:46":8,"b:81:2:84:Infinity:undefined:undefined:undefined:undefined":4,"s:81:2:84:Infinity":9,"s:82:10:82:56":10,"b:82:20:82:41:82:41:82:43":5,"s:83:4:84:Infinity":11,"s:84:6:84:Infinity":12,"s:88:58:88:60":13,"s:89:2:91:Infinity":14,"s:90:4:91:Infinity":15,"s:91:6:91:Infinity":16,"b:94:2:95:Infinity:undefined:undefined:undefined:undefined":6,"s:94:2:95:Infinity":17,"b:94:6:94:23:94:23:94:51":7,"s:95:4:95:Infinity":18,"s:98:2:106:Infinity":19,"s:116:37:116:Infinity":20}}}
,"C:\\Users\\zihao\\Desktop\\ff-brand-studio\\apps\\mcp-server\\src\\orchestrator\\workers\\index.ts": {"path":"C:\\Users\\zihao\\Desktop\\ff-brand-studio\\apps\\mcp-server\\src\\orchestrator\\workers\\index.ts","statementMap":{},"fnMap":{},"branchMap":{},"s":{},"f":{},"b":{},"meta":{"lastBranch":0,"lastFunction":0,"lastStatement":0,"seen":{}}}
,"C:\\Users\\zihao\\Desktop\\ff-brand-studio\\apps\\mcp-server\\src\\orchestrator\\workers\\lifestyle.ts": {"path":"C:\\Users\\zihao\\Desktop\\ff-brand-studio\\apps\\mcp-server\\src\\orchestrator\\workers\\lifestyle.ts","statementMap":{"0":{"start":{"line":16,"column":4},"end":{"line":20,"column":22}},"1":{"start":{"line":21,"column":15},"end":{"line":21,"column":null}},"2":{"start":{"line":22,"column":2},"end":{"line":30,"column":null}}},"fnMap":{"0":{"name":"generateLifestyleWorker","decl":{"start":{"line":8,"column":22},"end":{"line":8,"column":46}},"loc":{"start":{"line":14,"column":28},"end":{"line":30,"column":null}},"line":14}},"branchMap":{"0":{"loc":{"start":{"line":16,"column":4},"end":{"line":20,"column":22}},"type":"cond-expr","locations":[{"start":{"line":17,"column":8},"end":{"line":17,"column":20}},{"start":{"line":18,"column":8},"end":{"line":20,"column":22}}],"line":16},"1":{"loc":{"start":{"line":18,"column":8},"end":{"line":20,"column":22}},"type":"cond-expr","locations":[{"start":{"line":19,"column":10},"end":{"line":19,"column":22}},{"start":{"line":20,"column":10},"end":{"line":20,"column":22}}],"line":18},"2":{"loc":{"start":{"line":21,"column":15},"end":{"line":21,"column":null}},"type":"binary-expr","locations":[{"start":{"line":21,"column":15},"end":{"line":21,"column":44}},{"start":{"line":21,"column":44},"end":{"line":21,"column":null}}],"line":21}},"s":{"0":0,"1":0,"2":0},"f":{"0":0},"b":{"0":[0,0],"1":[0,0],"2":[0,0]},"meta":{"lastBranch":3,"lastFunction":1,"lastStatement":3,"seen":{"f:8:22:8:46":0,"s:16:4:20:22":0,"b:17:8:17:20:18:8:20:22":0,"b:19:10:19:22:20:10:20:22":1,"s:21:15:21:Infinity":1,"b:21:15:21:44:21:44:21:Infinity":2,"s:22:2:30:Infinity":2}}}
,"C:\\Users\\zihao\\Desktop\\ff-brand-studio\\apps\\mcp-server\\src\\orchestrator\\workers\\types.ts": {"path":"C:\\Users\\zihao\\Desktop\\ff-brand-studio\\apps\\mcp-server\\src\\orchestrator\\workers\\types.ts","statementMap":{"0":{"start":{"line":26,"column":2},"end":{"line":26,"column":null}}},"fnMap":{},"branchMap":{},"s":{"0":1},"f":{},"b":{},"meta":{"lastBranch":0,"lastFunction":0,"lastStatement":1,"seen":{"s:26:2:26:Infinity":0}}}
,"C:\\Users\\zihao\\Desktop\\ff-brand-studio\\apps\\mcp-server\\src\\orchestrator\\workers\\variant.ts": {"path":"C:\\Users\\zihao\\Desktop\\ff-brand-studio\\apps\\mcp-server\\src\\orchestrator\\workers\\variant.ts","statementMap":{"0":{"start":{"line":14,"column":2},"end":{"line":22,"column":null}}},"fnMap":{"0":{"name":"generateVariantWorker","decl":{"start":{"line":8,"column":22},"end":{"line":8,"column":44}},"loc":{"start":{"line":13,"column":28},"end":{"line":22,"column":null}},"line":13}},"branchMap":{"0":{"loc":{"start":{"line":19,"column":16},"end":{"line":19,"column":null}},"type":"cond-expr","locations":[{"start":{"line":19,"column":33},"end":{"line":19,"column":58}},{"start":{"line":19,"column":58},"end":{"line":19,"column":null}}],"line":19}},"s":{"0":0},"f":{"0":0},"b":{"0":[0,0]},"meta":{"lastBranch":1,"lastFunction":1,"lastStatement":1,"seen":{"f:8:22:8:44":0,"s:14:2:22:Infinity":0,"b:19:33:19:58:19:58:19:Infinity":0}}}
,"C:\\Users\\zihao\\Desktop\\ff-brand-studio\\apps\\mcp-server\\src\\orchestrator\\workers\\video.ts": {"path":"C:\\Users\\zihao\\Desktop\\ff-brand-studio\\apps\\mcp-server\\src\\orchestrator\\workers\\video.ts","statementMap":{"0":{"start":{"line":13,"column":2},"end":{"line":21,"column":null}}},"fnMap":{"0":{"name":"generateVideoWorker","decl":{"start":{"line":9,"column":22},"end":{"line":9,"column":42}},"loc":{"start":{"line":12,"column":28},"end":{"line":21,"column":null}},"line":12}},"branchMap":{},"s":{"0":0},"f":{"0":0},"b":{},"meta":{"lastBranch":0,"lastFunction":1,"lastStatement":1,"seen":{"f:9:22:9:42":0,"s:13:2:21:Infinity":0}}}
,"C:\\Users\\zihao\\Desktop\\ff-brand-studio\\apps\\mcp-server\\src\\orchestrator\\workers\\white_bg.ts": {"path":"C:\\Users\\zihao\\Desktop\\ff-brand-studio\\apps\\mcp-server\\src\\orchestrator\\workers\\white_bg.ts","statementMap":{"0":{"start":{"line":18,"column":15},"end":{"line":18,"column":null}},"1":{"start":{"line":19,"column":2},"end":{"line":27,"column":null}}},"fnMap":{"0":{"name":"generateWhiteBgWorker","decl":{"start":{"line":13,"column":22},"end":{"line":13,"column":44}},"loc":{"start":{"line":17,"column":28},"end":{"line":27,"column":null}},"line":17}},"branchMap":{"0":{"loc":{"start":{"line":18,"column":15},"end":{"line":18,"column":null}},"type":"binary-expr","locations":[{"start":{"line":18,"column":15},"end":{"line":18,"column":44}},{"start":{"line":18,"column":44},"end":{"line":18,"column":null}}],"line":18}},"s":{"0":0,"1":0},"f":{"0":0},"b":{"0":[0,0]},"meta":{"lastBranch":1,"lastFunction":1,"lastStatement":2,"seen":{"f:13:22:13:44":0,"s:18:15:18:Infinity":0,"b:18:15:18:44:18:44:18:Infinity":0,"s:19:2:27:Infinity":1}}}
,"C:\\Users\\zihao\\Desktop\\ff-brand-studio\\apps\\mcp-server\\src\\pipeline\\planner_matrix.ts": {"path":"C:\\Users\\zihao\\Desktop\\ff-brand-studio\\apps\\mcp-server\\src\\pipeline\\planner_matrix.ts","statementMap":{"0":{"start":{"line":31,"column":42},"end":{"line":38,"column":null}},"1":{"start":{"line":40,"column":39},"end":{"line":45,"column":null}},"2":{"start":{"line":47,"column":43},"end":{"line":53,"column":null}},"3":{"start":{"line":61,"column":28},"end":{"line":61,"column":30}},"4":{"start":{"line":62,"column":2},"end":{"line":67,"column":null}},"5":{"start":{"line":63,"column":4},"end":{"line":67,"column":null}},"6":{"start":{"line":64,"column":6},"end":{"line":64,"column":null}},"7":{"start":{"line":65,"column":6},"end":{"line":65,"column":null}},"8":{"start":{"line":65,"column":45},"end":{"line":65,"column":null}},"9":{"start":{"line":66,"column":15},"end":{"line":67,"column":null}},"10":{"start":{"line":67,"column":6},"end":{"line":67,"column":null}},"11":{"start":{"line":70,"column":2},"end":{"line":70,"column":null}}},"fnMap":{"0":{"name":"planProductionSlots","decl":{"start":{"line":60,"column":16},"end":{"line":60,"column":36}},"loc":{"start":{"line":60,"column":78},"end":{"line":70,"column":null}},"line":60}},"branchMap":{"0":{"loc":{"start":{"line":63,"column":4},"end":{"line":67,"column":null}},"type":"if","locations":[{"start":{"line":63,"column":4},"end":{"line":67,"column":null}},{"start":{"line":66,"column":15},"end":{"line":67,"column":null}}],"line":63},"1":{"loc":{"start":{"line":65,"column":6},"end":{"line":65,"column":null}},"type":"if","locations":[{"start":{"line":65,"column":6},"end":{"line":65,"column":null}},{"start":{},"end":{}}],"line":65},"2":{"loc":{"start":{"line":66,"column":15},"end":{"line":67,"column":null}},"type":"if","locations":[{"start":{"line":66,"column":15},"end":{"line":67,"column":null}},{"start":{},"end":{}}],"line":66}},"s":{"0":1,"1":1,"2":1,"3":6,"4":6,"5":8,"6":5,"7":5,"8":1,"9":3,"10":3,"11":6},"f":{"0":6},"b":{"0":[5,3],"1":[1,4],"2":[3,0]},"meta":{"lastBranch":3,"lastFunction":1,"lastStatement":12,"seen":{"s:31:42:38:Infinity":0,"s:40:39:45:Infinity":1,"s:47:43:53:Infinity":2,"f:60:16:60:36":0,"s:61:28:61:30":3,"s:62:2:67:Infinity":4,"b:63:4:67:Infinity:66:15:67:Infinity":0,"s:63:4:67:Infinity":5,"s:64:6:64:Infinity":6,"b:65:6:65:Infinity:undefined:undefined:undefined:undefined":1,"s:65:6:65:Infinity":7,"s:65:45:65:Infinity":8,"b:66:15:67:Infinity:undefined:undefined:undefined:undefined":2,"s:66:15:67:Infinity":9,"s:67:6:67:Infinity":10,"s:70:2:70:Infinity":11}}}
,"C:\\Users\\zihao\\Desktop\\ff-brand-studio\\apps\\mcp-server\\src\\pipeline\\derivers\\index.ts": {"path":"C:\\Users\\zihao\\Desktop\\ff-brand-studio\\apps\\mcp-server\\src\\pipeline\\derivers\\index.ts","statementMap":{"0":{"start":{"line":40,"column":25},"end":{"line":55,"column":null}},"1":{"start":{"line":58,"column":2},"end":{"line":60,"column":null}},"2":{"start":{"line":59,"column":4},"end":{"line":59,"column":null}},"3":{"start":{"line":63,"column":34},"end":{"line":109,"column":null}},"4":{"start":{"line":79,"column":47},"end":{"line":95,"column":8}},"5":{"start":{"line":103,"column":40},"end":{"line":108,"column":null}},"6":{"start":{"line":111,"column":36},"end":{"line":147,"column":null}},"7":{"start":{"line":121,"column":47},"end":{"line":134,"column":8}},"8":{"start":{"line":142,"column":40},"end":{"line":146,"column":null}},"9":{"start":{"line":149,"column":31},"end":{"line":195,"column":null}},"10":{"start":{"line":165,"column":47},"end":{"line":181,"column":8}},"11":{"start":{"line":190,"column":40},"end":{"line":194,"column":null}},"12":{"start":{"line":197,"column":30},"end":{"line":235,"column":null}},"13":{"start":{"line":208,"column":47},"end":{"line":223,"column":8}},"14":{"start":{"line":231,"column":40},"end":{"line":234,"column":null}},"15":{"start":{"line":237,"column":32},"end":{"line":274,"column":null}},"16":{"start":{"line":247,"column":47},"end":{"line":261,"column":8}},"17":{"start":{"line":269,"column":40},"end":{"line":273,"column":null}},"18":{"start":{"line":276,"column":32},"end":{"line":316,"column":null}},"19":{"start":{"line":290,"column":47},"end":{"line":304,"column":8}},"20":{"start":{"line":312,"column":40},"end":{"line":315,"column":null}},"21":{"start":{"line":318,"column":29},"end":{"line":366,"column":null}},"22":{"start":{"line":334,"column":47},"end":{"line":351,"column":8}},"23":{"start":{"line":360,"column":40},"end":{"line":365,"column":null}},"24":{"start":{"line":368,"column":32},"end":{"line":410,"column":null}},"25":{"start":{"line":382,"column":47},"end":{"line":397,"column":8}},"26":{"start":{"line":405,"column":40},"end":{"line":409,"column":null}},"27":{"start":{"line":412,"column":51},"end":{"line":421,"column":null}},"28":{"start":{"line":424,"column":2},"end":{"line":424,"column":null}}},"fnMap":{"0":{"name":"bannedBlock","decl":{"start":{"line":57,"column":9},"end":{"line":57,"column":21}},"loc":{"start":{"line":57,"column":47},"end":{"line":60,"column":null}},"line":57},"1":{"name":"(anonymous_1)","decl":{"start":{"line":58,"column":60},"end":{"line":58,"column":64}},"loc":{"start":{"line":59,"column":4},"end":{"line":59,"column":null}},"line":59},"2":{"name":"(anonymous_2)","decl":{"start":{"line":79,"column":2},"end":{"line":79,"column":17}},"loc":{"start":{"line":79,"column":47},"end":{"line":95,"column":8}},"line":79},"3":{"name":"(anonymous_3)","decl":{"start":{"line":103,"column":2},"end":{"line":103,"column":20}},"loc":{"start":{"line":103,"column":40},"end":{"line":108,"column":null}},"line":103},"4":{"name":"(anonymous_4)","decl":{"start":{"line":121,"column":2},"end":{"line":121,"column":17}},"loc":{"start":{"line":121,"column":47},"end":{"line":134,"column":8}},"line":121},"5":{"name":"(anonymous_5)","decl":{"start":{"line":142,"column":2},"end":{"line":142,"column":20}},"loc":{"start":{"line":142,"column":40},"end":{"line":146,"column":null}},"line":142},"6":{"name":"(anonymous_6)","decl":{"start":{"line":165,"column":2},"end":{"line":165,"column":17}},"loc":{"start":{"line":165,"column":47},"end":{"line":181,"column":8}},"line":165},"7":{"name":"(anonymous_7)","decl":{"start":{"line":190,"column":2},"end":{"line":190,"column":20}},"loc":{"start":{"line":190,"column":40},"end":{"line":194,"column":null}},"line":190},"8":{"name":"(anonymous_8)","decl":{"start":{"line":208,"column":2},"end":{"line":208,"column":17}},"loc":{"start":{"line":208,"column":47},"end":{"line":223,"column":8}},"line":208},"9":{"name":"(anonymous_9)","decl":{"start":{"line":231,"column":2},"end":{"line":231,"column":20}},"loc":{"start":{"line":231,"column":40},"end":{"line":234,"column":null}},"line":231},"10":{"name":"(anonymous_10)","decl":{"start":{"line":247,"column":2},"end":{"line":247,"column":17}},"loc":{"start":{"line":247,"column":47},"end":{"line":261,"column":8}},"line":247},"11":{"name":"(anonymous_11)","decl":{"start":{"line":269,"column":2},"end":{"line":269,"column":20}},"loc":{"start":{"line":269,"column":40},"end":{"line":273,"column":null}},"line":269},"12":{"name":"(anonymous_12)","decl":{"start":{"line":290,"column":2},"end":{"line":290,"column":17}},"loc":{"start":{"line":290,"column":47},"end":{"line":304,"column":8}},"line":290},"13":{"name":"(anonymous_13)","decl":{"start":{"line":312,"column":2},"end":{"line":312,"column":20}},"loc":{"start":{"line":312,"column":40},"end":{"line":315,"column":null}},"line":312},"14":{"name":"(anonymous_14)","decl":{"start":{"line":334,"column":2},"end":{"line":334,"column":17}},"loc":{"start":{"line":334,"column":47},"end":{"line":351,"column":8}},"line":334},"15":{"name":"(anonymous_15)","decl":{"start":{"line":360,"column":2},"end":{"line":360,"column":20}},"loc":{"start":{"line":360,"column":40},"end":{"line":365,"column":null}},"line":360},"16":{"name":"(anonymous_16)","decl":{"start":{"line":382,"column":2},"end":{"line":382,"column":17}},"loc":{"start":{"line":382,"column":47},"end":{"line":397,"column":8}},"line":382},"17":{"name":"(anonymous_17)","decl":{"start":{"line":405,"column":2},"end":{"line":405,"column":20}},"loc":{"start":{"line":405,"column":40},"end":{"line":409,"column":null}},"line":405},"18":{"name":"getDeriver","decl":{"start":{"line":423,"column":16},"end":{"line":423,"column":27}},"loc":{"start":{"line":423,"column":52},"end":{"line":424,"column":null}},"line":423}},"branchMap":{"0":{"loc":{"start":{"line":59,"column":4},"end":{"line":59,"column":null}},"type":"cond-expr","locations":[{"start":{"line":59,"column":33},"end":{"line":59,"column":37}},{"start":{"line":59,"column":37},"end":{"line":59,"column":null}}],"line":59},"1":{"loc":{"start":{"line":424,"column":9},"end":{"line":424,"column":null}},"type":"binary-expr","locations":[{"start":{"line":424,"column":9},"end":{"line":424,"column":27}},{"start":{"line":424,"column":27},"end":{"line":424,"column":null}}],"line":424}},"s":{"0":1,"1":17,"2":255,"3":1,"4":2,"5":1,"6":1,"7":2,"8":1,"9":1,"10":3,"11":1,"12":1,"13":2,"14":1,"15":1,"16":2,"17":1,"18":1,"19":2,"20":1,"21":1,"22":2,"23":1,"24":1,"25":2,"26":1,"27":1,"28":1},"f":{"0":17,"1":255,"2":2,"3":1,"4":2,"5":1,"6":3,"7":1,"8":2,"9":1,"10":2,"11":1,"12":2,"13":1,"14":2,"15":1,"16":2,"17":1,"18":1},"b":{"0":[17,238],"1":[1,1]},"meta":{"lastBranch":2,"lastFunction":19,"lastStatement":29,"seen":{"s:40:25:55:Infinity":0,"f:57:9:57:21":0,"s:58:2:60:Infinity":1,"f:58:60:58:64":1,"s:59:4:59:Infinity":2,"b:59:33:59:37:59:37:59:Infinity":0,"s:63:34:109:Infinity":3,"f:79:2:79:17":2,"s:79:47:95:8":4,"f:103:2:103:20":3,"s:103:40:108:Infinity":5,"s:111:36:147:Infinity":6,"f:121:2:121:17":4,"s:121:47:134:8":7,"f:142:2:142:20":5,"s:142:40:146:Infinity":8,"s:149:31:195:Infinity":9,"f:165:2:165:17":6,"s:165:47:181:8":10,"f:190:2:190:20":7,"s:190:40:194:Infinity":11,"s:197:30:235:Infinity":12,"f:208:2:208:17":8,"s:208:47:223:8":13,"f:231:2:231:20":9,"s:231:40:234:Infinity":14,"s:237:32:274:Infinity":15,"f:247:2:247:17":10,"s:247:47:261:8":16,"f:269:2:269:20":11,"s:269:40:273:Infinity":17,"s:276:32:316:Infinity":18,"f:290:2:290:17":12,"s:290:47:304:8":19,"f:312:2:312:20":13,"s:312:40:315:Infinity":20,"s:318:29:366:Infinity":21,"f:334:2:334:17":14,"s:334:47:351:8":22,"f:360:2:360:20":15,"s:360:40:365:Infinity":23,"s:368:32:410:Infinity":24,"f:382:2:382:17":16,"s:382:47:397:8":25,"f:405:2:405:20":17,"s:405:40:409:Infinity":26,"s:412:51:421:Infinity":27,"f:423:16:423:27":18,"s:424:2:424:Infinity":28,"b:424:9:424:27:424:27:424:Infinity":1}}}
}
